[2021-11-03 01:14:15] local.ERROR: A CreateUsersTable class already exists. {"exception":"[object] (InvalidArgumentException(code: 0): A CreateUsersTable class already exists. at /home/anna/Epitech/Free-ads-Anna-Paul-Cristian/Free-ads/vendor/laravel/framework/src/Illuminate/Database/Migrations/MigrationCreator.php:102)
[stacktrace]
#0 /home/anna/Epitech/Free-ads-Anna-Paul-Cristian/Free-ads/vendor/laravel/framework/src/Illuminate/Database/Migrations/MigrationCreator.php(59): Illuminate\\Database\\Migrations\\MigrationCreator->ensureMigrationDoesntAlreadyExist()
#1 /home/anna/Epitech/Free-ads-Anna-Paul-Cristian/Free-ads/vendor/laravel/framework/src/Illuminate/Database/Console/Migrations/MigrateMakeCommand.php(110): Illuminate\\Database\\Migrations\\MigrationCreator->create()
#2 /home/anna/Epitech/Free-ads-Anna-Paul-Cristian/Free-ads/vendor/laravel/framework/src/Illuminate/Database/Console/Migrations/MigrateMakeCommand.php(94): Illuminate\\Database\\Console\\Migrations\\MigrateMakeCommand->writeMigration()
#3 /home/anna/Epitech/Free-ads-Anna-Paul-Cristian/Free-ads/vendor/laravel/framework/src/Illuminate/Container/BoundMethod.php(36): Illuminate\\Database\\Console\\Migrations\\MigrateMakeCommand->handle()
#4 /home/anna/Epitech/Free-ads-Anna-Paul-Cristian/Free-ads/vendor/laravel/framework/src/Illuminate/Container/Util.php(40): Illuminate\\Container\\BoundMethod::Illuminate\\Container\\{closure}()
#5 /home/anna/Epitech/Free-ads-Anna-Paul-Cristian/Free-ads/vendor/laravel/framework/src/Illuminate/Container/BoundMethod.php(93): Illuminate\\Container\\Util::unwrapIfClosure()
#6 /home/anna/Epitech/Free-ads-Anna-Paul-Cristian/Free-ads/vendor/laravel/framework/src/Illuminate/Container/BoundMethod.php(37): Illuminate\\Container\\BoundMethod::callBoundMethod()
#7 /home/anna/Epitech/Free-ads-Anna-Paul-Cristian/Free-ads/vendor/laravel/framework/src/Illuminate/Container/Container.php(653): Illuminate\\Container\\BoundMethod::call()
#8 /home/anna/Epitech/Free-ads-Anna-Paul-Cristian/Free-ads/vendor/laravel/framework/src/Illuminate/Console/Command.php(136): Illuminate\\Container\\Container->call()
#9 /home/anna/Epitech/Free-ads-Anna-Paul-Cristian/Free-ads/vendor/symfony/console/Command/Command.php(299): Illuminate\\Console\\Command->execute()
#10 /home/anna/Epitech/Free-ads-Anna-Paul-Cristian/Free-ads/vendor/laravel/framework/src/Illuminate/Console/Command.php(121): Symfony\\Component\\Console\\Command\\Command->run()
#11 /home/anna/Epitech/Free-ads-Anna-Paul-Cristian/Free-ads/vendor/laravel/framework/src/Illuminate/Console/Concerns/CallsCommands.php(68): Illuminate\\Console\\Command->run()
#12 /home/anna/Epitech/Free-ads-Anna-Paul-Cristian/Free-ads/vendor/laravel/framework/src/Illuminate/Console/Concerns/CallsCommands.php(28): Illuminate\\Console\\Command->runCommand()
#13 /home/anna/Epitech/Free-ads-Anna-Paul-Cristian/Free-ads/vendor/laravel/framework/src/Illuminate/Foundation/Console/ModelMakeCommand.php(106): Illuminate\\Console\\Command->call()
#14 /home/anna/Epitech/Free-ads-Anna-Paul-Cristian/Free-ads/vendor/laravel/framework/src/Illuminate/Foundation/Console/ModelMakeCommand.php(60): Illuminate\\Foundation\\Console\\ModelMakeCommand->createMigration()
#15 /home/anna/Epitech/Free-ads-Anna-Paul-Cristian/Free-ads/vendor/laravel/framework/src/Illuminate/Container/BoundMethod.php(36): Illuminate\\Foundation\\Console\\ModelMakeCommand->handle()
#16 /home/anna/Epitech/Free-ads-Anna-Paul-Cristian/Free-ads/vendor/laravel/framework/src/Illuminate/Container/Util.php(40): Illuminate\\Container\\BoundMethod::Illuminate\\Container\\{closure}()
#17 /home/anna/Epitech/Free-ads-Anna-Paul-Cristian/Free-ads/vendor/laravel/framework/src/Illuminate/Container/BoundMethod.php(93): Illuminate\\Container\\Util::unwrapIfClosure()
#18 /home/anna/Epitech/Free-ads-Anna-Paul-Cristian/Free-ads/vendor/laravel/framework/src/Illuminate/Container/BoundMethod.php(37): Illuminate\\Container\\BoundMethod::callBoundMethod()
#19 /home/anna/Epitech/Free-ads-Anna-Paul-Cristian/Free-ads/vendor/laravel/framework/src/Illuminate/Container/Container.php(653): Illuminate\\Container\\BoundMethod::call()
#20 /home/anna/Epitech/Free-ads-Anna-Paul-Cristian/Free-ads/vendor/laravel/framework/src/Illuminate/Console/Command.php(136): Illuminate\\Container\\Container->call()
#21 /home/anna/Epitech/Free-ads-Anna-Paul-Cristian/Free-ads/vendor/symfony/console/Command/Command.php(299): Illuminate\\Console\\Command->execute()
#22 /home/anna/Epitech/Free-ads-Anna-Paul-Cristian/Free-ads/vendor/laravel/framework/src/Illuminate/Console/Command.php(121): Symfony\\Component\\Console\\Command\\Command->run()
#23 /home/anna/Epitech/Free-ads-Anna-Paul-Cristian/Free-ads/vendor/symfony/console/Application.php(978): Illuminate\\Console\\Command->run()
#24 /home/anna/Epitech/Free-ads-Anna-Paul-Cristian/Free-ads/vendor/symfony/console/Application.php(295): Symfony\\Component\\Console\\Application->doRunCommand()
#25 /home/anna/Epitech/Free-ads-Anna-Paul-Cristian/Free-ads/vendor/symfony/console/Application.php(167): Symfony\\Component\\Console\\Application->doRun()
#26 /home/anna/Epitech/Free-ads-Anna-Paul-Cristian/Free-ads/vendor/laravel/framework/src/Illuminate/Console/Application.php(94): Symfony\\Component\\Console\\Application->run()
#27 /home/anna/Epitech/Free-ads-Anna-Paul-Cristian/Free-ads/vendor/laravel/framework/src/Illuminate/Foundation/Console/Kernel.php(129): Illuminate\\Console\\Application->run()
#28 /home/anna/Epitech/Free-ads-Anna-Paul-Cristian/Free-ads/artisan(37): Illuminate\\Foundation\\Console\\Kernel->handle()
#29 {main}
"} 
[2021-11-03 01:16:15] local.ERROR: Command "migrate:" is ambiguous.
Did you mean one of these?
    migrate:fresh    Drop all tables and re-run all migrations
    migrate:install  Create the migration repository
    migrate:refresh  Reset and re-run all migrations
    migrate:reset    Rollback all database migrations
    migrate:rollback Rollback the last database migration
    migrate:status   Show the status of each migration. {"exception":"[object] (Symfony\\Component\\Console\\Exception\\CommandNotFoundException(code: 0): Command \"migrate:\" is ambiguous.
Did you mean one of these?
    migrate:fresh    Drop all tables and re-run all migrations
    migrate:install  Create the migration repository
    migrate:refresh  Reset and re-run all migrations
    migrate:reset    Rollback all database migrations
    migrate:rollback Rollback the last database migration
    migrate:status   Show the status of each migration. at /home/anna/Epitech/Free-ads-Anna-Paul-Cristian/Free-ads/vendor/symfony/console/Application.php:723)
[stacktrace]
#0 /home/anna/Epitech/Free-ads-Anna-Paul-Cristian/Free-ads/vendor/symfony/console/Application.php(255): Symfony\\Component\\Console\\Application->find()
#1 /home/anna/Epitech/Free-ads-Anna-Paul-Cristian/Free-ads/vendor/symfony/console/Application.php(167): Symfony\\Component\\Console\\Application->doRun()
#2 /home/anna/Epitech/Free-ads-Anna-Paul-Cristian/Free-ads/vendor/laravel/framework/src/Illuminate/Console/Application.php(94): Symfony\\Component\\Console\\Application->run()
#3 /home/anna/Epitech/Free-ads-Anna-Paul-Cristian/Free-ads/vendor/laravel/framework/src/Illuminate/Foundation/Console/Kernel.php(129): Illuminate\\Console\\Application->run()
#4 /home/anna/Epitech/Free-ads-Anna-Paul-Cristian/Free-ads/artisan(37): Illuminate\\Foundation\\Console\\Kernel->handle()
#5 {main}
"} 
[2021-11-03 01:16:29] local.ERROR: Command "migrate:" is ambiguous.
Did you mean one of these?
    migrate:fresh    Drop all tables and re-run all migrations
    migrate:install  Create the migration repository
    migrate:refresh  Reset and re-run all migrations
    migrate:reset    Rollback all database migrations
    migrate:rollback Rollback the last database migration
    migrate:status   Show the status of each migration. {"exception":"[object] (Symfony\\Component\\Console\\Exception\\CommandNotFoundException(code: 0): Command \"migrate:\" is ambiguous.
Did you mean one of these?
    migrate:fresh    Drop all tables and re-run all migrations
    migrate:install  Create the migration repository
    migrate:refresh  Reset and re-run all migrations
    migrate:reset    Rollback all database migrations
    migrate:rollback Rollback the last database migration
    migrate:status   Show the status of each migration. at /home/anna/Epitech/Free-ads-Anna-Paul-Cristian/Free-ads/vendor/symfony/console/Application.php:723)
[stacktrace]
#0 /home/anna/Epitech/Free-ads-Anna-Paul-Cristian/Free-ads/vendor/symfony/console/Application.php(255): Symfony\\Component\\Console\\Application->find()
#1 /home/anna/Epitech/Free-ads-Anna-Paul-Cristian/Free-ads/vendor/symfony/console/Application.php(167): Symfony\\Component\\Console\\Application->doRun()
#2 /home/anna/Epitech/Free-ads-Anna-Paul-Cristian/Free-ads/vendor/laravel/framework/src/Illuminate/Console/Application.php(94): Symfony\\Component\\Console\\Application->run()
#3 /home/anna/Epitech/Free-ads-Anna-Paul-Cristian/Free-ads/vendor/laravel/framework/src/Illuminate/Foundation/Console/Kernel.php(129): Illuminate\\Console\\Application->run()
#4 /home/anna/Epitech/Free-ads-Anna-Paul-Cristian/Free-ads/artisan(37): Illuminate\\Foundation\\Console\\Kernel->handle()
#5 {main}
"} 
[2021-11-03 02:36:15] local.ERROR: Method App\Http\Controllers\CustomAuthController::registerUser does not exist. {"exception":"[object] (BadMethodCallException(code: 0): Method App\\Http\\Controllers\\CustomAuthController::registerUser does not exist. at /home/anna/Epitech/Free-ads-Anna-Paul-Cristian/Free-ads/vendor/laravel/framework/src/Illuminate/Routing/Controller.php:68)
[stacktrace]
#0 /home/anna/Epitech/Free-ads-Anna-Paul-Cristian/Free-ads/vendor/laravel/framework/src/Illuminate/Routing/Controller.php(54): Illuminate\\Routing\\Controller->__call()
#1 /home/anna/Epitech/Free-ads-Anna-Paul-Cristian/Free-ads/vendor/laravel/framework/src/Illuminate/Routing/ControllerDispatcher.php(45): Illuminate\\Routing\\Controller->callAction()
#2 /home/anna/Epitech/Free-ads-Anna-Paul-Cristian/Free-ads/vendor/laravel/framework/src/Illuminate/Routing/Route.php(262): Illuminate\\Routing\\ControllerDispatcher->dispatch()
#3 /home/anna/Epitech/Free-ads-Anna-Paul-Cristian/Free-ads/vendor/laravel/framework/src/Illuminate/Routing/Route.php(205): Illuminate\\Routing\\Route->runController()
#4 /home/anna/Epitech/Free-ads-Anna-Paul-Cristian/Free-ads/vendor/laravel/framework/src/Illuminate/Routing/Router.php(695): Illuminate\\Routing\\Route->run()
#5 /home/anna/Epitech/Free-ads-Anna-Paul-Cristian/Free-ads/vendor/laravel/framework/src/Illuminate/Pipeline/Pipeline.php(128): Illuminate\\Routing\\Router->Illuminate\\Routing\\{closure}()
#6 /home/anna/Epitech/Free-ads-Anna-Paul-Cristian/Free-ads/vendor/laravel/framework/src/Illuminate/Routing/Middleware/SubstituteBindings.php(50): Illuminate\\Pipeline\\Pipeline->Illuminate\\Pipeline\\{closure}()
#7 /home/anna/Epitech/Free-ads-Anna-Paul-Cristian/Free-ads/vendor/laravel/framework/src/Illuminate/Pipeline/Pipeline.php(167): Illuminate\\Routing\\Middleware\\SubstituteBindings->handle()
#8 /home/anna/Epitech/Free-ads-Anna-Paul-Cristian/Free-ads/vendor/laravel/framework/src/Illuminate/Foundation/Http/Middleware/VerifyCsrfToken.php(78): Illuminate\\Pipeline\\Pipeline->Illuminate\\Pipeline\\{closure}()
#9 /home/anna/Epitech/Free-ads-Anna-Paul-Cristian/Free-ads/vendor/laravel/framework/src/Illuminate/Pipeline/Pipeline.php(167): Illuminate\\Foundation\\Http\\Middleware\\VerifyCsrfToken->handle()
#10 /home/anna/Epitech/Free-ads-Anna-Paul-Cristian/Free-ads/vendor/laravel/framework/src/Illuminate/View/Middleware/ShareErrorsFromSession.php(49): Illuminate\\Pipeline\\Pipeline->Illuminate\\Pipeline\\{closure}()
#11 /home/anna/Epitech/Free-ads-Anna-Paul-Cristian/Free-ads/vendor/laravel/framework/src/Illuminate/Pipeline/Pipeline.php(167): Illuminate\\View\\Middleware\\ShareErrorsFromSession->handle()
#12 /home/anna/Epitech/Free-ads-Anna-Paul-Cristian/Free-ads/vendor/laravel/framework/src/Illuminate/Session/Middleware/StartSession.php(121): Illuminate\\Pipeline\\Pipeline->Illuminate\\Pipeline\\{closure}()
#13 /home/anna/Epitech/Free-ads-Anna-Paul-Cristian/Free-ads/vendor/laravel/framework/src/Illuminate/Session/Middleware/StartSession.php(64): Illuminate\\Session\\Middleware\\StartSession->handleStatefulRequest()
#14 /home/anna/Epitech/Free-ads-Anna-Paul-Cristian/Free-ads/vendor/laravel/framework/src/Illuminate/Pipeline/Pipeline.php(167): Illuminate\\Session\\Middleware\\StartSession->handle()
#15 /home/anna/Epitech/Free-ads-Anna-Paul-Cristian/Free-ads/vendor/laravel/framework/src/Illuminate/Cookie/Middleware/AddQueuedCookiesToResponse.php(37): Illuminate\\Pipeline\\Pipeline->Illuminate\\Pipeline\\{closure}()
#16 /home/anna/Epitech/Free-ads-Anna-Paul-Cristian/Free-ads/vendor/laravel/framework/src/Illuminate/Pipeline/Pipeline.php(167): Illuminate\\Cookie\\Middleware\\AddQueuedCookiesToResponse->handle()
#17 /home/anna/Epitech/Free-ads-Anna-Paul-Cristian/Free-ads/vendor/laravel/framework/src/Illuminate/Cookie/Middleware/EncryptCookies.php(67): Illuminate\\Pipeline\\Pipeline->Illuminate\\Pipeline\\{closure}()
#18 /home/anna/Epitech/Free-ads-Anna-Paul-Cristian/Free-ads/vendor/laravel/framework/src/Illuminate/Pipeline/Pipeline.php(167): Illuminate\\Cookie\\Middleware\\EncryptCookies->handle()
#19 /home/anna/Epitech/Free-ads-Anna-Paul-Cristian/Free-ads/vendor/laravel/framework/src/Illuminate/Pipeline/Pipeline.php(103): Illuminate\\Pipeline\\Pipeline->Illuminate\\Pipeline\\{closure}()
#20 /home/anna/Epitech/Free-ads-Anna-Paul-Cristian/Free-ads/vendor/laravel/framework/src/Illuminate/Routing/Router.php(697): Illuminate\\Pipeline\\Pipeline->then()
#21 /home/anna/Epitech/Free-ads-Anna-Paul-Cristian/Free-ads/vendor/laravel/framework/src/Illuminate/Routing/Router.php(672): Illuminate\\Routing\\Router->runRouteWithinStack()
#22 /home/anna/Epitech/Free-ads-Anna-Paul-Cristian/Free-ads/vendor/laravel/framework/src/Illuminate/Routing/Router.php(636): Illuminate\\Routing\\Router->runRoute()
#23 /home/anna/Epitech/Free-ads-Anna-Paul-Cristian/Free-ads/vendor/laravel/framework/src/Illuminate/Routing/Router.php(625): Illuminate\\Routing\\Router->dispatchToRoute()
#24 /home/anna/Epitech/Free-ads-Anna-Paul-Cristian/Free-ads/vendor/laravel/framework/src/Illuminate/Foundation/Http/Kernel.php(167): Illuminate\\Routing\\Router->dispatch()
#25 /home/anna/Epitech/Free-ads-Anna-Paul-Cristian/Free-ads/vendor/laravel/framework/src/Illuminate/Pipeline/Pipeline.php(128): Illuminate\\Foundation\\Http\\Kernel->Illuminate\\Foundation\\Http\\{closure}()
#26 /home/anna/Epitech/Free-ads-Anna-Paul-Cristian/Free-ads/vendor/laravel/framework/src/Illuminate/Foundation/Http/Middleware/TransformsRequest.php(21): Illuminate\\Pipeline\\Pipeline->Illuminate\\Pipeline\\{closure}()
#27 /home/anna/Epitech/Free-ads-Anna-Paul-Cristian/Free-ads/vendor/laravel/framework/src/Illuminate/Foundation/Http/Middleware/ConvertEmptyStringsToNull.php(31): Illuminate\\Foundation\\Http\\Middleware\\TransformsRequest->handle()
#28 /home/anna/Epitech/Free-ads-Anna-Paul-Cristian/Free-ads/vendor/laravel/framework/src/Illuminate/Pipeline/Pipeline.php(167): Illuminate\\Foundation\\Http\\Middleware\\ConvertEmptyStringsToNull->handle()
#29 /home/anna/Epitech/Free-ads-Anna-Paul-Cristian/Free-ads/vendor/laravel/framework/src/Illuminate/Foundation/Http/Middleware/TransformsRequest.php(21): Illuminate\\Pipeline\\Pipeline->Illuminate\\Pipeline\\{closure}()
#30 /home/anna/Epitech/Free-ads-Anna-Paul-Cristian/Free-ads/vendor/laravel/framework/src/Illuminate/Foundation/Http/Middleware/TrimStrings.php(40): Illuminate\\Foundation\\Http\\Middleware\\TransformsRequest->handle()
#31 /home/anna/Epitech/Free-ads-Anna-Paul-Cristian/Free-ads/vendor/laravel/framework/src/Illuminate/Pipeline/Pipeline.php(167): Illuminate\\Foundation\\Http\\Middleware\\TrimStrings->handle()
#32 /home/anna/Epitech/Free-ads-Anna-Paul-Cristian/Free-ads/vendor/laravel/framework/src/Illuminate/Foundation/Http/Middleware/ValidatePostSize.php(27): Illuminate\\Pipeline\\Pipeline->Illuminate\\Pipeline\\{closure}()
#33 /home/anna/Epitech/Free-ads-Anna-Paul-Cristian/Free-ads/vendor/laravel/framework/src/Illuminate/Pipeline/Pipeline.php(167): Illuminate\\Foundation\\Http\\Middleware\\ValidatePostSize->handle()
#34 /home/anna/Epitech/Free-ads-Anna-Paul-Cristian/Free-ads/vendor/laravel/framework/src/Illuminate/Foundation/Http/Middleware/PreventRequestsDuringMaintenance.php(86): Illuminate\\Pipeline\\Pipeline->Illuminate\\Pipeline\\{closure}()
#35 /home/anna/Epitech/Free-ads-Anna-Paul-Cristian/Free-ads/vendor/laravel/framework/src/Illuminate/Pipeline/Pipeline.php(167): Illuminate\\Foundation\\Http\\Middleware\\PreventRequestsDuringMaintenance->handle()
#36 /home/anna/Epitech/Free-ads-Anna-Paul-Cristian/Free-ads/vendor/fruitcake/laravel-cors/src/HandleCors.php(38): Illuminate\\Pipeline\\Pipeline->Illuminate\\Pipeline\\{closure}()
#37 /home/anna/Epitech/Free-ads-Anna-Paul-Cristian/Free-ads/vendor/laravel/framework/src/Illuminate/Pipeline/Pipeline.php(167): Fruitcake\\Cors\\HandleCors->handle()
#38 /home/anna/Epitech/Free-ads-Anna-Paul-Cristian/Free-ads/vendor/laravel/framework/src/Illuminate/Http/Middleware/TrustProxies.php(39): Illuminate\\Pipeline\\Pipeline->Illuminate\\Pipeline\\{closure}()
#39 /home/anna/Epitech/Free-ads-Anna-Paul-Cristian/Free-ads/vendor/laravel/framework/src/Illuminate/Pipeline/Pipeline.php(167): Illuminate\\Http\\Middleware\\TrustProxies->handle()
#40 /home/anna/Epitech/Free-ads-Anna-Paul-Cristian/Free-ads/vendor/laravel/framework/src/Illuminate/Pipeline/Pipeline.php(103): Illuminate\\Pipeline\\Pipeline->Illuminate\\Pipeline\\{closure}()
#41 /home/anna/Epitech/Free-ads-Anna-Paul-Cristian/Free-ads/vendor/laravel/framework/src/Illuminate/Foundation/Http/Kernel.php(142): Illuminate\\Pipeline\\Pipeline->then()
#42 /home/anna/Epitech/Free-ads-Anna-Paul-Cristian/Free-ads/vendor/laravel/framework/src/Illuminate/Foundation/Http/Kernel.php(111): Illuminate\\Foundation\\Http\\Kernel->sendRequestThroughRouter()
#43 /home/anna/Epitech/Free-ads-Anna-Paul-Cristian/Free-ads/public/index.php(52): Illuminate\\Foundation\\Http\\Kernel->handle()
#44 /home/anna/Epitech/Free-ads-Anna-Paul-Cristian/Free-ads/server.php(21): require_once('/home/anna/Epit...')
#45 {main}
"} 
[2021-11-03 02:45:28] local.ERROR: syntax error, unexpected ';', expecting ')' (View: /home/anna/Epitech/Free-ads-Anna-Paul-Cristian/Free-ads/resources/views/auth/registration.blade.php) {"view":{"view":"/home/anna/Epitech/Free-ads-Anna-Paul-Cristian/Free-ads/resources/views/auth/registration.blade.php","data":{"errors":"<pre class=sf-dump id=sf-dump-1084768042 data-indent-pad=\"  \"><span class=sf-dump-note>Illuminate\\Support\\ViewErrorBag</span> {<a class=sf-dump-ref>#282</a><samp data-depth=1 class=sf-dump-expanded>
  #<span class=sf-dump-protected title=\"Protected property\">bags</span>: []
</samp>}
</pre><script>Sfdump(\"sf-dump-1084768042\", {\"maxDepth\":3,\"maxStringLength\":160})</script>
"}},"exception":"[object] (Facade\\Ignition\\Exceptions\\ViewException(code: 0): syntax error, unexpected ';', expecting ')' (View: /home/anna/Epitech/Free-ads-Anna-Paul-Cristian/Free-ads/resources/views/auth/registration.blade.php) at /home/anna/Epitech/Free-ads-Anna-Paul-Cristian/Free-ads/resources/views/auth/registration.blade.php:21)
[stacktrace]
#0 /home/anna/Epitech/Free-ads-Anna-Paul-Cristian/Free-ads/vendor/laravel/framework/src/Illuminate/Filesystem/Filesystem.php(108): Illuminate\\Filesystem\\Filesystem::Illuminate\\Filesystem\\{closure}()
#1 /home/anna/Epitech/Free-ads-Anna-Paul-Cristian/Free-ads/vendor/laravel/framework/src/Illuminate/View/Engines/PhpEngine.php(58): Illuminate\\Filesystem\\Filesystem->getRequire()
#2 /home/anna/Epitech/Free-ads-Anna-Paul-Cristian/Free-ads/vendor/laravel/framework/src/Illuminate/View/Engines/CompilerEngine.php(61): Illuminate\\View\\Engines\\PhpEngine->evaluatePath()
#3 /home/anna/Epitech/Free-ads-Anna-Paul-Cristian/Free-ads/vendor/facade/ignition/src/Views/Engines/CompilerEngine.php(37): Illuminate\\View\\Engines\\CompilerEngine->get()
#4 /home/anna/Epitech/Free-ads-Anna-Paul-Cristian/Free-ads/vendor/laravel/framework/src/Illuminate/View/View.php(139): Facade\\Ignition\\Views\\Engines\\CompilerEngine->get()
#5 /home/anna/Epitech/Free-ads-Anna-Paul-Cristian/Free-ads/vendor/laravel/framework/src/Illuminate/View/View.php(122): Illuminate\\View\\View->getContents()
#6 /home/anna/Epitech/Free-ads-Anna-Paul-Cristian/Free-ads/vendor/laravel/framework/src/Illuminate/View/View.php(91): Illuminate\\View\\View->renderContents()
#7 /home/anna/Epitech/Free-ads-Anna-Paul-Cristian/Free-ads/vendor/laravel/framework/src/Illuminate/Http/Response.php(69): Illuminate\\View\\View->render()
#8 /home/anna/Epitech/Free-ads-Anna-Paul-Cristian/Free-ads/vendor/laravel/framework/src/Illuminate/Http/Response.php(35): Illuminate\\Http\\Response->setContent()
#9 /home/anna/Epitech/Free-ads-Anna-Paul-Cristian/Free-ads/vendor/laravel/framework/src/Illuminate/Routing/Router.php(794): Illuminate\\Http\\Response->__construct()
#10 /home/anna/Epitech/Free-ads-Anna-Paul-Cristian/Free-ads/vendor/laravel/framework/src/Illuminate/Routing/Router.php(763): Illuminate\\Routing\\Router::toResponse()
#11 /home/anna/Epitech/Free-ads-Anna-Paul-Cristian/Free-ads/vendor/laravel/framework/src/Illuminate/Routing/Router.php(695): Illuminate\\Routing\\Router->prepareResponse()
#12 /home/anna/Epitech/Free-ads-Anna-Paul-Cristian/Free-ads/vendor/laravel/framework/src/Illuminate/Pipeline/Pipeline.php(128): Illuminate\\Routing\\Router->Illuminate\\Routing\\{closure}()
#13 /home/anna/Epitech/Free-ads-Anna-Paul-Cristian/Free-ads/vendor/laravel/framework/src/Illuminate/Routing/Middleware/SubstituteBindings.php(50): Illuminate\\Pipeline\\Pipeline->Illuminate\\Pipeline\\{closure}()
#14 /home/anna/Epitech/Free-ads-Anna-Paul-Cristian/Free-ads/vendor/laravel/framework/src/Illuminate/Pipeline/Pipeline.php(167): Illuminate\\Routing\\Middleware\\SubstituteBindings->handle()
#15 /home/anna/Epitech/Free-ads-Anna-Paul-Cristian/Free-ads/vendor/laravel/framework/src/Illuminate/Foundation/Http/Middleware/VerifyCsrfToken.php(78): Illuminate\\Pipeline\\Pipeline->Illuminate\\Pipeline\\{closure}()
#16 /home/anna/Epitech/Free-ads-Anna-Paul-Cristian/Free-ads/vendor/laravel/framework/src/Illuminate/Pipeline/Pipeline.php(167): Illuminate\\Foundation\\Http\\Middleware\\VerifyCsrfToken->handle()
#17 /home/anna/Epitech/Free-ads-Anna-Paul-Cristian/Free-ads/vendor/laravel/framework/src/Illuminate/View/Middleware/ShareErrorsFromSession.php(49): Illuminate\\Pipeline\\Pipeline->Illuminate\\Pipeline\\{closure}()
#18 /home/anna/Epitech/Free-ads-Anna-Paul-Cristian/Free-ads/vendor/laravel/framework/src/Illuminate/Pipeline/Pipeline.php(167): Illuminate\\View\\Middleware\\ShareErrorsFromSession->handle()
#19 /home/anna/Epitech/Free-ads-Anna-Paul-Cristian/Free-ads/vendor/laravel/framework/src/Illuminate/Session/Middleware/StartSession.php(121): Illuminate\\Pipeline\\Pipeline->Illuminate\\Pipeline\\{closure}()
#20 /home/anna/Epitech/Free-ads-Anna-Paul-Cristian/Free-ads/vendor/laravel/framework/src/Illuminate/Session/Middleware/StartSession.php(64): Illuminate\\Session\\Middleware\\StartSession->handleStatefulRequest()
#21 /home/anna/Epitech/Free-ads-Anna-Paul-Cristian/Free-ads/vendor/laravel/framework/src/Illuminate/Pipeline/Pipeline.php(167): Illuminate\\Session\\Middleware\\StartSession->handle()
#22 /home/anna/Epitech/Free-ads-Anna-Paul-Cristian/Free-ads/vendor/laravel/framework/src/Illuminate/Cookie/Middleware/AddQueuedCookiesToResponse.php(37): Illuminate\\Pipeline\\Pipeline->Illuminate\\Pipeline\\{closure}()
#23 /home/anna/Epitech/Free-ads-Anna-Paul-Cristian/Free-ads/vendor/laravel/framework/src/Illuminate/Pipeline/Pipeline.php(167): Illuminate\\Cookie\\Middleware\\AddQueuedCookiesToResponse->handle()
#24 /home/anna/Epitech/Free-ads-Anna-Paul-Cristian/Free-ads/vendor/laravel/framework/src/Illuminate/Cookie/Middleware/EncryptCookies.php(67): Illuminate\\Pipeline\\Pipeline->Illuminate\\Pipeline\\{closure}()
#25 /home/anna/Epitech/Free-ads-Anna-Paul-Cristian/Free-ads/vendor/laravel/framework/src/Illuminate/Pipeline/Pipeline.php(167): Illuminate\\Cookie\\Middleware\\EncryptCookies->handle()
#26 /home/anna/Epitech/Free-ads-Anna-Paul-Cristian/Free-ads/vendor/laravel/framework/src/Illuminate/Pipeline/Pipeline.php(103): Illuminate\\Pipeline\\Pipeline->Illuminate\\Pipeline\\{closure}()
#27 /home/anna/Epitech/Free-ads-Anna-Paul-Cristian/Free-ads/vendor/laravel/framework/src/Illuminate/Routing/Router.php(697): Illuminate\\Pipeline\\Pipeline->then()
#28 /home/anna/Epitech/Free-ads-Anna-Paul-Cristian/Free-ads/vendor/laravel/framework/src/Illuminate/Routing/Router.php(672): Illuminate\\Routing\\Router->runRouteWithinStack()
#29 /home/anna/Epitech/Free-ads-Anna-Paul-Cristian/Free-ads/vendor/laravel/framework/src/Illuminate/Routing/Router.php(636): Illuminate\\Routing\\Router->runRoute()
#30 /home/anna/Epitech/Free-ads-Anna-Paul-Cristian/Free-ads/vendor/laravel/framework/src/Illuminate/Routing/Router.php(625): Illuminate\\Routing\\Router->dispatchToRoute()
#31 /home/anna/Epitech/Free-ads-Anna-Paul-Cristian/Free-ads/vendor/laravel/framework/src/Illuminate/Foundation/Http/Kernel.php(167): Illuminate\\Routing\\Router->dispatch()
#32 /home/anna/Epitech/Free-ads-Anna-Paul-Cristian/Free-ads/vendor/laravel/framework/src/Illuminate/Pipeline/Pipeline.php(128): Illuminate\\Foundation\\Http\\Kernel->Illuminate\\Foundation\\Http\\{closure}()
#33 /home/anna/Epitech/Free-ads-Anna-Paul-Cristian/Free-ads/vendor/laravel/framework/src/Illuminate/Foundation/Http/Middleware/TransformsRequest.php(21): Illuminate\\Pipeline\\Pipeline->Illuminate\\Pipeline\\{closure}()
#34 /home/anna/Epitech/Free-ads-Anna-Paul-Cristian/Free-ads/vendor/laravel/framework/src/Illuminate/Foundation/Http/Middleware/ConvertEmptyStringsToNull.php(31): Illuminate\\Foundation\\Http\\Middleware\\TransformsRequest->handle()
#35 /home/anna/Epitech/Free-ads-Anna-Paul-Cristian/Free-ads/vendor/laravel/framework/src/Illuminate/Pipeline/Pipeline.php(167): Illuminate\\Foundation\\Http\\Middleware\\ConvertEmptyStringsToNull->handle()
#36 /home/anna/Epitech/Free-ads-Anna-Paul-Cristian/Free-ads/vendor/laravel/framework/src/Illuminate/Foundation/Http/Middleware/TransformsRequest.php(21): Illuminate\\Pipeline\\Pipeline->Illuminate\\Pipeline\\{closure}()
#37 /home/anna/Epitech/Free-ads-Anna-Paul-Cristian/Free-ads/vendor/laravel/framework/src/Illuminate/Foundation/Http/Middleware/TrimStrings.php(40): Illuminate\\Foundation\\Http\\Middleware\\TransformsRequest->handle()
#38 /home/anna/Epitech/Free-ads-Anna-Paul-Cristian/Free-ads/vendor/laravel/framework/src/Illuminate/Pipeline/Pipeline.php(167): Illuminate\\Foundation\\Http\\Middleware\\TrimStrings->handle()
#39 /home/anna/Epitech/Free-ads-Anna-Paul-Cristian/Free-ads/vendor/laravel/framework/src/Illuminate/Foundation/Http/Middleware/ValidatePostSize.php(27): Illuminate\\Pipeline\\Pipeline->Illuminate\\Pipeline\\{closure}()
#40 /home/anna/Epitech/Free-ads-Anna-Paul-Cristian/Free-ads/vendor/laravel/framework/src/Illuminate/Pipeline/Pipeline.php(167): Illuminate\\Foundation\\Http\\Middleware\\ValidatePostSize->handle()
#41 /home/anna/Epitech/Free-ads-Anna-Paul-Cristian/Free-ads/vendor/laravel/framework/src/Illuminate/Foundation/Http/Middleware/PreventRequestsDuringMaintenance.php(86): Illuminate\\Pipeline\\Pipeline->Illuminate\\Pipeline\\{closure}()
#42 /home/anna/Epitech/Free-ads-Anna-Paul-Cristian/Free-ads/vendor/laravel/framework/src/Illuminate/Pipeline/Pipeline.php(167): Illuminate\\Foundation\\Http\\Middleware\\PreventRequestsDuringMaintenance->handle()
#43 /home/anna/Epitech/Free-ads-Anna-Paul-Cristian/Free-ads/vendor/fruitcake/laravel-cors/src/HandleCors.php(38): Illuminate\\Pipeline\\Pipeline->Illuminate\\Pipeline\\{closure}()
#44 /home/anna/Epitech/Free-ads-Anna-Paul-Cristian/Free-ads/vendor/laravel/framework/src/Illuminate/Pipeline/Pipeline.php(167): Fruitcake\\Cors\\HandleCors->handle()
#45 /home/anna/Epitech/Free-ads-Anna-Paul-Cristian/Free-ads/vendor/laravel/framework/src/Illuminate/Http/Middleware/TrustProxies.php(39): Illuminate\\Pipeline\\Pipeline->Illuminate\\Pipeline\\{closure}()
#46 /home/anna/Epitech/Free-ads-Anna-Paul-Cristian/Free-ads/vendor/laravel/framework/src/Illuminate/Pipeline/Pipeline.php(167): Illuminate\\Http\\Middleware\\TrustProxies->handle()
#47 /home/anna/Epitech/Free-ads-Anna-Paul-Cristian/Free-ads/vendor/laravel/framework/src/Illuminate/Pipeline/Pipeline.php(103): Illuminate\\Pipeline\\Pipeline->Illuminate\\Pipeline\\{closure}()
#48 /home/anna/Epitech/Free-ads-Anna-Paul-Cristian/Free-ads/vendor/laravel/framework/src/Illuminate/Foundation/Http/Kernel.php(142): Illuminate\\Pipeline\\Pipeline->then()
#49 /home/anna/Epitech/Free-ads-Anna-Paul-Cristian/Free-ads/vendor/laravel/framework/src/Illuminate/Foundation/Http/Kernel.php(111): Illuminate\\Foundation\\Http\\Kernel->sendRequestThroughRouter()
#50 /home/anna/Epitech/Free-ads-Anna-Paul-Cristian/Free-ads/public/index.php(52): Illuminate\\Foundation\\Http\\Kernel->handle()
#51 /home/anna/Epitech/Free-ads-Anna-Paul-Cristian/Free-ads/server.php(21): require_once('/home/anna/Epit...')
#52 {main}

[previous exception] [object] (ParseError(code: 0): syntax error, unexpected ';', expecting ')' at /home/anna/Epitech/Free-ads-Anna-Paul-Cristian/Free-ads/storage/framework/views/bc61ca232a157e2371791ec86c9f6408072a687b.php:21)
[stacktrace]
#0 /home/anna/Epitech/Free-ads-Anna-Paul-Cristian/Free-ads/vendor/laravel/framework/src/Illuminate/Filesystem/Filesystem.php(108): Illuminate\\Filesystem\\Filesystem::Illuminate\\Filesystem\\{closure}()
#1 /home/anna/Epitech/Free-ads-Anna-Paul-Cristian/Free-ads/vendor/laravel/framework/src/Illuminate/View/Engines/PhpEngine.php(58): Illuminate\\Filesystem\\Filesystem->getRequire()
#2 /home/anna/Epitech/Free-ads-Anna-Paul-Cristian/Free-ads/vendor/laravel/framework/src/Illuminate/View/Engines/CompilerEngine.php(61): Illuminate\\View\\Engines\\PhpEngine->evaluatePath()
#3 /home/anna/Epitech/Free-ads-Anna-Paul-Cristian/Free-ads/vendor/facade/ignition/src/Views/Engines/CompilerEngine.php(37): Illuminate\\View\\Engines\\CompilerEngine->get()
#4 /home/anna/Epitech/Free-ads-Anna-Paul-Cristian/Free-ads/vendor/laravel/framework/src/Illuminate/View/View.php(139): Facade\\Ignition\\Views\\Engines\\CompilerEngine->get()
#5 /home/anna/Epitech/Free-ads-Anna-Paul-Cristian/Free-ads/vendor/laravel/framework/src/Illuminate/View/View.php(122): Illuminate\\View\\View->getContents()
#6 /home/anna/Epitech/Free-ads-Anna-Paul-Cristian/Free-ads/vendor/laravel/framework/src/Illuminate/View/View.php(91): Illuminate\\View\\View->renderContents()
#7 /home/anna/Epitech/Free-ads-Anna-Paul-Cristian/Free-ads/vendor/laravel/framework/src/Illuminate/Http/Response.php(69): Illuminate\\View\\View->render()
#8 /home/anna/Epitech/Free-ads-Anna-Paul-Cristian/Free-ads/vendor/laravel/framework/src/Illuminate/Http/Response.php(35): Illuminate\\Http\\Response->setContent()
#9 /home/anna/Epitech/Free-ads-Anna-Paul-Cristian/Free-ads/vendor/laravel/framework/src/Illuminate/Routing/Router.php(794): Illuminate\\Http\\Response->__construct()
#10 /home/anna/Epitech/Free-ads-Anna-Paul-Cristian/Free-ads/vendor/laravel/framework/src/Illuminate/Routing/Router.php(763): Illuminate\\Routing\\Router::toResponse()
#11 /home/anna/Epitech/Free-ads-Anna-Paul-Cristian/Free-ads/vendor/laravel/framework/src/Illuminate/Routing/Router.php(695): Illuminate\\Routing\\Router->prepareResponse()
#12 /home/anna/Epitech/Free-ads-Anna-Paul-Cristian/Free-ads/vendor/laravel/framework/src/Illuminate/Pipeline/Pipeline.php(128): Illuminate\\Routing\\Router->Illuminate\\Routing\\{closure}()
#13 /home/anna/Epitech/Free-ads-Anna-Paul-Cristian/Free-ads/vendor/laravel/framework/src/Illuminate/Routing/Middleware/SubstituteBindings.php(50): Illuminate\\Pipeline\\Pipeline->Illuminate\\Pipeline\\{closure}()
#14 /home/anna/Epitech/Free-ads-Anna-Paul-Cristian/Free-ads/vendor/laravel/framework/src/Illuminate/Pipeline/Pipeline.php(167): Illuminate\\Routing\\Middleware\\SubstituteBindings->handle()
#15 /home/anna/Epitech/Free-ads-Anna-Paul-Cristian/Free-ads/vendor/laravel/framework/src/Illuminate/Foundation/Http/Middleware/VerifyCsrfToken.php(78): Illuminate\\Pipeline\\Pipeline->Illuminate\\Pipeline\\{closure}()
#16 /home/anna/Epitech/Free-ads-Anna-Paul-Cristian/Free-ads/vendor/laravel/framework/src/Illuminate/Pipeline/Pipeline.php(167): Illuminate\\Foundation\\Http\\Middleware\\VerifyCsrfToken->handle()
#17 /home/anna/Epitech/Free-ads-Anna-Paul-Cristian/Free-ads/vendor/laravel/framework/src/Illuminate/View/Middleware/ShareErrorsFromSession.php(49): Illuminate\\Pipeline\\Pipeline->Illuminate\\Pipeline\\{closure}()
#18 /home/anna/Epitech/Free-ads-Anna-Paul-Cristian/Free-ads/vendor/laravel/framework/src/Illuminate/Pipeline/Pipeline.php(167): Illuminate\\View\\Middleware\\ShareErrorsFromSession->handle()
#19 /home/anna/Epitech/Free-ads-Anna-Paul-Cristian/Free-ads/vendor/laravel/framework/src/Illuminate/Session/Middleware/StartSession.php(121): Illuminate\\Pipeline\\Pipeline->Illuminate\\Pipeline\\{closure}()
#20 /home/anna/Epitech/Free-ads-Anna-Paul-Cristian/Free-ads/vendor/laravel/framework/src/Illuminate/Session/Middleware/StartSession.php(64): Illuminate\\Session\\Middleware\\StartSession->handleStatefulRequest()
#21 /home/anna/Epitech/Free-ads-Anna-Paul-Cristian/Free-ads/vendor/laravel/framework/src/Illuminate/Pipeline/Pipeline.php(167): Illuminate\\Session\\Middleware\\StartSession->handle()
#22 /home/anna/Epitech/Free-ads-Anna-Paul-Cristian/Free-ads/vendor/laravel/framework/src/Illuminate/Cookie/Middleware/AddQueuedCookiesToResponse.php(37): Illuminate\\Pipeline\\Pipeline->Illuminate\\Pipeline\\{closure}()
#23 /home/anna/Epitech/Free-ads-Anna-Paul-Cristian/Free-ads/vendor/laravel/framework/src/Illuminate/Pipeline/Pipeline.php(167): Illuminate\\Cookie\\Middleware\\AddQueuedCookiesToResponse->handle()
#24 /home/anna/Epitech/Free-ads-Anna-Paul-Cristian/Free-ads/vendor/laravel/framework/src/Illuminate/Cookie/Middleware/EncryptCookies.php(67): Illuminate\\Pipeline\\Pipeline->Illuminate\\Pipeline\\{closure}()
#25 /home/anna/Epitech/Free-ads-Anna-Paul-Cristian/Free-ads/vendor/laravel/framework/src/Illuminate/Pipeline/Pipeline.php(167): Illuminate\\Cookie\\Middleware\\EncryptCookies->handle()
#26 /home/anna/Epitech/Free-ads-Anna-Paul-Cristian/Free-ads/vendor/laravel/framework/src/Illuminate/Pipeline/Pipeline.php(103): Illuminate\\Pipeline\\Pipeline->Illuminate\\Pipeline\\{closure}()
#27 /home/anna/Epitech/Free-ads-Anna-Paul-Cristian/Free-ads/vendor/laravel/framework/src/Illuminate/Routing/Router.php(697): Illuminate\\Pipeline\\Pipeline->then()
#28 /home/anna/Epitech/Free-ads-Anna-Paul-Cristian/Free-ads/vendor/laravel/framework/src/Illuminate/Routing/Router.php(672): Illuminate\\Routing\\Router->runRouteWithinStack()
#29 /home/anna/Epitech/Free-ads-Anna-Paul-Cristian/Free-ads/vendor/laravel/framework/src/Illuminate/Routing/Router.php(636): Illuminate\\Routing\\Router->runRoute()
#30 /home/anna/Epitech/Free-ads-Anna-Paul-Cristian/Free-ads/vendor/laravel/framework/src/Illuminate/Routing/Router.php(625): Illuminate\\Routing\\Router->dispatchToRoute()
#31 /home/anna/Epitech/Free-ads-Anna-Paul-Cristian/Free-ads/vendor/laravel/framework/src/Illuminate/Foundation/Http/Kernel.php(167): Illuminate\\Routing\\Router->dispatch()
#32 /home/anna/Epitech/Free-ads-Anna-Paul-Cristian/Free-ads/vendor/laravel/framework/src/Illuminate/Pipeline/Pipeline.php(128): Illuminate\\Foundation\\Http\\Kernel->Illuminate\\Foundation\\Http\\{closure}()
#33 /home/anna/Epitech/Free-ads-Anna-Paul-Cristian/Free-ads/vendor/laravel/framework/src/Illuminate/Foundation/Http/Middleware/TransformsRequest.php(21): Illuminate\\Pipeline\\Pipeline->Illuminate\\Pipeline\\{closure}()
#34 /home/anna/Epitech/Free-ads-Anna-Paul-Cristian/Free-ads/vendor/laravel/framework/src/Illuminate/Foundation/Http/Middleware/ConvertEmptyStringsToNull.php(31): Illuminate\\Foundation\\Http\\Middleware\\TransformsRequest->handle()
#35 /home/anna/Epitech/Free-ads-Anna-Paul-Cristian/Free-ads/vendor/laravel/framework/src/Illuminate/Pipeline/Pipeline.php(167): Illuminate\\Foundation\\Http\\Middleware\\ConvertEmptyStringsToNull->handle()
#36 /home/anna/Epitech/Free-ads-Anna-Paul-Cristian/Free-ads/vendor/laravel/framework/src/Illuminate/Foundation/Http/Middleware/TransformsRequest.php(21): Illuminate\\Pipeline\\Pipeline->Illuminate\\Pipeline\\{closure}()
#37 /home/anna/Epitech/Free-ads-Anna-Paul-Cristian/Free-ads/vendor/laravel/framework/src/Illuminate/Foundation/Http/Middleware/TrimStrings.php(40): Illuminate\\Foundation\\Http\\Middleware\\TransformsRequest->handle()
#38 /home/anna/Epitech/Free-ads-Anna-Paul-Cristian/Free-ads/vendor/laravel/framework/src/Illuminate/Pipeline/Pipeline.php(167): Illuminate\\Foundation\\Http\\Middleware\\TrimStrings->handle()
#39 /home/anna/Epitech/Free-ads-Anna-Paul-Cristian/Free-ads/vendor/laravel/framework/src/Illuminate/Foundation/Http/Middleware/ValidatePostSize.php(27): Illuminate\\Pipeline\\Pipeline->Illuminate\\Pipeline\\{closure}()
#40 /home/anna/Epitech/Free-ads-Anna-Paul-Cristian/Free-ads/vendor/laravel/framework/src/Illuminate/Pipeline/Pipeline.php(167): Illuminate\\Foundation\\Http\\Middleware\\ValidatePostSize->handle()
#41 /home/anna/Epitech/Free-ads-Anna-Paul-Cristian/Free-ads/vendor/laravel/framework/src/Illuminate/Foundation/Http/Middleware/PreventRequestsDuringMaintenance.php(86): Illuminate\\Pipeline\\Pipeline->Illuminate\\Pipeline\\{closure}()
#42 /home/anna/Epitech/Free-ads-Anna-Paul-Cristian/Free-ads/vendor/laravel/framework/src/Illuminate/Pipeline/Pipeline.php(167): Illuminate\\Foundation\\Http\\Middleware\\PreventRequestsDuringMaintenance->handle()
#43 /home/anna/Epitech/Free-ads-Anna-Paul-Cristian/Free-ads/vendor/fruitcake/laravel-cors/src/HandleCors.php(38): Illuminate\\Pipeline\\Pipeline->Illuminate\\Pipeline\\{closure}()
#44 /home/anna/Epitech/Free-ads-Anna-Paul-Cristian/Free-ads/vendor/laravel/framework/src/Illuminate/Pipeline/Pipeline.php(167): Fruitcake\\Cors\\HandleCors->handle()
#45 /home/anna/Epitech/Free-ads-Anna-Paul-Cristian/Free-ads/vendor/laravel/framework/src/Illuminate/Http/Middleware/TrustProxies.php(39): Illuminate\\Pipeline\\Pipeline->Illuminate\\Pipeline\\{closure}()
#46 /home/anna/Epitech/Free-ads-Anna-Paul-Cristian/Free-ads/vendor/laravel/framework/src/Illuminate/Pipeline/Pipeline.php(167): Illuminate\\Http\\Middleware\\TrustProxies->handle()
#47 /home/anna/Epitech/Free-ads-Anna-Paul-Cristian/Free-ads/vendor/laravel/framework/src/Illuminate/Pipeline/Pipeline.php(103): Illuminate\\Pipeline\\Pipeline->Illuminate\\Pipeline\\{closure}()
#48 /home/anna/Epitech/Free-ads-Anna-Paul-Cristian/Free-ads/vendor/laravel/framework/src/Illuminate/Foundation/Http/Kernel.php(142): Illuminate\\Pipeline\\Pipeline->then()
#49 /home/anna/Epitech/Free-ads-Anna-Paul-Cristian/Free-ads/vendor/laravel/framework/src/Illuminate/Foundation/Http/Kernel.php(111): Illuminate\\Foundation\\Http\\Kernel->sendRequestThroughRouter()
#50 /home/anna/Epitech/Free-ads-Anna-Paul-Cristian/Free-ads/public/index.php(52): Illuminate\\Foundation\\Http\\Kernel->handle()
#51 /home/anna/Epitech/Free-ads-Anna-Paul-Cristian/Free-ads/server.php(21): require_once('/home/anna/Epit...')
#52 {main}
"} 
[2021-11-03 02:45:48] local.ERROR: syntax error, unexpected ';', expecting ')' (View: /home/anna/Epitech/Free-ads-Anna-Paul-Cristian/Free-ads/resources/views/auth/registration.blade.php) {"view":{"view":"/home/anna/Epitech/Free-ads-Anna-Paul-Cristian/Free-ads/resources/views/auth/registration.blade.php","data":{"errors":"<pre class=sf-dump id=sf-dump-1190594913 data-indent-pad=\"  \"><span class=sf-dump-note>Illuminate\\Support\\ViewErrorBag</span> {<a class=sf-dump-ref>#282</a><samp data-depth=1 class=sf-dump-expanded>
  #<span class=sf-dump-protected title=\"Protected property\">bags</span>: []
</samp>}
</pre><script>Sfdump(\"sf-dump-1190594913\", {\"maxDepth\":3,\"maxStringLength\":160})</script>
"}},"exception":"[object] (Facade\\Ignition\\Exceptions\\ViewException(code: 0): syntax error, unexpected ';', expecting ')' (View: /home/anna/Epitech/Free-ads-Anna-Paul-Cristian/Free-ads/resources/views/auth/registration.blade.php) at /home/anna/Epitech/Free-ads-Anna-Paul-Cristian/Free-ads/resources/views/auth/registration.blade.php:21)
[stacktrace]
#0 /home/anna/Epitech/Free-ads-Anna-Paul-Cristian/Free-ads/vendor/laravel/framework/src/Illuminate/Filesystem/Filesystem.php(108): Illuminate\\Filesystem\\Filesystem::Illuminate\\Filesystem\\{closure}()
#1 /home/anna/Epitech/Free-ads-Anna-Paul-Cristian/Free-ads/vendor/laravel/framework/src/Illuminate/View/Engines/PhpEngine.php(58): Illuminate\\Filesystem\\Filesystem->getRequire()
#2 /home/anna/Epitech/Free-ads-Anna-Paul-Cristian/Free-ads/vendor/laravel/framework/src/Illuminate/View/Engines/CompilerEngine.php(61): Illuminate\\View\\Engines\\PhpEngine->evaluatePath()
#3 /home/anna/Epitech/Free-ads-Anna-Paul-Cristian/Free-ads/vendor/facade/ignition/src/Views/Engines/CompilerEngine.php(37): Illuminate\\View\\Engines\\CompilerEngine->get()
#4 /home/anna/Epitech/Free-ads-Anna-Paul-Cristian/Free-ads/vendor/laravel/framework/src/Illuminate/View/View.php(139): Facade\\Ignition\\Views\\Engines\\CompilerEngine->get()
#5 /home/anna/Epitech/Free-ads-Anna-Paul-Cristian/Free-ads/vendor/laravel/framework/src/Illuminate/View/View.php(122): Illuminate\\View\\View->getContents()
#6 /home/anna/Epitech/Free-ads-Anna-Paul-Cristian/Free-ads/vendor/laravel/framework/src/Illuminate/View/View.php(91): Illuminate\\View\\View->renderContents()
#7 /home/anna/Epitech/Free-ads-Anna-Paul-Cristian/Free-ads/vendor/laravel/framework/src/Illuminate/Http/Response.php(69): Illuminate\\View\\View->render()
#8 /home/anna/Epitech/Free-ads-Anna-Paul-Cristian/Free-ads/vendor/laravel/framework/src/Illuminate/Http/Response.php(35): Illuminate\\Http\\Response->setContent()
#9 /home/anna/Epitech/Free-ads-Anna-Paul-Cristian/Free-ads/vendor/laravel/framework/src/Illuminate/Routing/Router.php(794): Illuminate\\Http\\Response->__construct()
#10 /home/anna/Epitech/Free-ads-Anna-Paul-Cristian/Free-ads/vendor/laravel/framework/src/Illuminate/Routing/Router.php(763): Illuminate\\Routing\\Router::toResponse()
#11 /home/anna/Epitech/Free-ads-Anna-Paul-Cristian/Free-ads/vendor/laravel/framework/src/Illuminate/Routing/Router.php(695): Illuminate\\Routing\\Router->prepareResponse()
#12 /home/anna/Epitech/Free-ads-Anna-Paul-Cristian/Free-ads/vendor/laravel/framework/src/Illuminate/Pipeline/Pipeline.php(128): Illuminate\\Routing\\Router->Illuminate\\Routing\\{closure}()
#13 /home/anna/Epitech/Free-ads-Anna-Paul-Cristian/Free-ads/vendor/laravel/framework/src/Illuminate/Routing/Middleware/SubstituteBindings.php(50): Illuminate\\Pipeline\\Pipeline->Illuminate\\Pipeline\\{closure}()
#14 /home/anna/Epitech/Free-ads-Anna-Paul-Cristian/Free-ads/vendor/laravel/framework/src/Illuminate/Pipeline/Pipeline.php(167): Illuminate\\Routing\\Middleware\\SubstituteBindings->handle()
#15 /home/anna/Epitech/Free-ads-Anna-Paul-Cristian/Free-ads/vendor/laravel/framework/src/Illuminate/Foundation/Http/Middleware/VerifyCsrfToken.php(78): Illuminate\\Pipeline\\Pipeline->Illuminate\\Pipeline\\{closure}()
#16 /home/anna/Epitech/Free-ads-Anna-Paul-Cristian/Free-ads/vendor/laravel/framework/src/Illuminate/Pipeline/Pipeline.php(167): Illuminate\\Foundation\\Http\\Middleware\\VerifyCsrfToken->handle()
#17 /home/anna/Epitech/Free-ads-Anna-Paul-Cristian/Free-ads/vendor/laravel/framework/src/Illuminate/View/Middleware/ShareErrorsFromSession.php(49): Illuminate\\Pipeline\\Pipeline->Illuminate\\Pipeline\\{closure}()
#18 /home/anna/Epitech/Free-ads-Anna-Paul-Cristian/Free-ads/vendor/laravel/framework/src/Illuminate/Pipeline/Pipeline.php(167): Illuminate\\View\\Middleware\\ShareErrorsFromSession->handle()
#19 /home/anna/Epitech/Free-ads-Anna-Paul-Cristian/Free-ads/vendor/laravel/framework/src/Illuminate/Session/Middleware/StartSession.php(121): Illuminate\\Pipeline\\Pipeline->Illuminate\\Pipeline\\{closure}()
#20 /home/anna/Epitech/Free-ads-Anna-Paul-Cristian/Free-ads/vendor/laravel/framework/src/Illuminate/Session/Middleware/StartSession.php(64): Illuminate\\Session\\Middleware\\StartSession->handleStatefulRequest()
#21 /home/anna/Epitech/Free-ads-Anna-Paul-Cristian/Free-ads/vendor/laravel/framework/src/Illuminate/Pipeline/Pipeline.php(167): Illuminate\\Session\\Middleware\\StartSession->handle()
#22 /home/anna/Epitech/Free-ads-Anna-Paul-Cristian/Free-ads/vendor/laravel/framework/src/Illuminate/Cookie/Middleware/AddQueuedCookiesToResponse.php(37): Illuminate\\Pipeline\\Pipeline->Illuminate\\Pipeline\\{closure}()
#23 /home/anna/Epitech/Free-ads-Anna-Paul-Cristian/Free-ads/vendor/laravel/framework/src/Illuminate/Pipeline/Pipeline.php(167): Illuminate\\Cookie\\Middleware\\AddQueuedCookiesToResponse->handle()
#24 /home/anna/Epitech/Free-ads-Anna-Paul-Cristian/Free-ads/vendor/laravel/framework/src/Illuminate/Cookie/Middleware/EncryptCookies.php(67): Illuminate\\Pipeline\\Pipeline->Illuminate\\Pipeline\\{closure}()
#25 /home/anna/Epitech/Free-ads-Anna-Paul-Cristian/Free-ads/vendor/laravel/framework/src/Illuminate/Pipeline/Pipeline.php(167): Illuminate\\Cookie\\Middleware\\EncryptCookies->handle()
#26 /home/anna/Epitech/Free-ads-Anna-Paul-Cristian/Free-ads/vendor/laravel/framework/src/Illuminate/Pipeline/Pipeline.php(103): Illuminate\\Pipeline\\Pipeline->Illuminate\\Pipeline\\{closure}()
#27 /home/anna/Epitech/Free-ads-Anna-Paul-Cristian/Free-ads/vendor/laravel/framework/src/Illuminate/Routing/Router.php(697): Illuminate\\Pipeline\\Pipeline->then()
#28 /home/anna/Epitech/Free-ads-Anna-Paul-Cristian/Free-ads/vendor/laravel/framework/src/Illuminate/Routing/Router.php(672): Illuminate\\Routing\\Router->runRouteWithinStack()
#29 /home/anna/Epitech/Free-ads-Anna-Paul-Cristian/Free-ads/vendor/laravel/framework/src/Illuminate/Routing/Router.php(636): Illuminate\\Routing\\Router->runRoute()
#30 /home/anna/Epitech/Free-ads-Anna-Paul-Cristian/Free-ads/vendor/laravel/framework/src/Illuminate/Routing/Router.php(625): Illuminate\\Routing\\Router->dispatchToRoute()
#31 /home/anna/Epitech/Free-ads-Anna-Paul-Cristian/Free-ads/vendor/laravel/framework/src/Illuminate/Foundation/Http/Kernel.php(167): Illuminate\\Routing\\Router->dispatch()
#32 /home/anna/Epitech/Free-ads-Anna-Paul-Cristian/Free-ads/vendor/laravel/framework/src/Illuminate/Pipeline/Pipeline.php(128): Illuminate\\Foundation\\Http\\Kernel->Illuminate\\Foundation\\Http\\{closure}()
#33 /home/anna/Epitech/Free-ads-Anna-Paul-Cristian/Free-ads/vendor/laravel/framework/src/Illuminate/Foundation/Http/Middleware/TransformsRequest.php(21): Illuminate\\Pipeline\\Pipeline->Illuminate\\Pipeline\\{closure}()
#34 /home/anna/Epitech/Free-ads-Anna-Paul-Cristian/Free-ads/vendor/laravel/framework/src/Illuminate/Foundation/Http/Middleware/ConvertEmptyStringsToNull.php(31): Illuminate\\Foundation\\Http\\Middleware\\TransformsRequest->handle()
#35 /home/anna/Epitech/Free-ads-Anna-Paul-Cristian/Free-ads/vendor/laravel/framework/src/Illuminate/Pipeline/Pipeline.php(167): Illuminate\\Foundation\\Http\\Middleware\\ConvertEmptyStringsToNull->handle()
#36 /home/anna/Epitech/Free-ads-Anna-Paul-Cristian/Free-ads/vendor/laravel/framework/src/Illuminate/Foundation/Http/Middleware/TransformsRequest.php(21): Illuminate\\Pipeline\\Pipeline->Illuminate\\Pipeline\\{closure}()
#37 /home/anna/Epitech/Free-ads-Anna-Paul-Cristian/Free-ads/vendor/laravel/framework/src/Illuminate/Foundation/Http/Middleware/TrimStrings.php(40): Illuminate\\Foundation\\Http\\Middleware\\TransformsRequest->handle()
#38 /home/anna/Epitech/Free-ads-Anna-Paul-Cristian/Free-ads/vendor/laravel/framework/src/Illuminate/Pipeline/Pipeline.php(167): Illuminate\\Foundation\\Http\\Middleware\\TrimStrings->handle()
#39 /home/anna/Epitech/Free-ads-Anna-Paul-Cristian/Free-ads/vendor/laravel/framework/src/Illuminate/Foundation/Http/Middleware/ValidatePostSize.php(27): Illuminate\\Pipeline\\Pipeline->Illuminate\\Pipeline\\{closure}()
#40 /home/anna/Epitech/Free-ads-Anna-Paul-Cristian/Free-ads/vendor/laravel/framework/src/Illuminate/Pipeline/Pipeline.php(167): Illuminate\\Foundation\\Http\\Middleware\\ValidatePostSize->handle()
#41 /home/anna/Epitech/Free-ads-Anna-Paul-Cristian/Free-ads/vendor/laravel/framework/src/Illuminate/Foundation/Http/Middleware/PreventRequestsDuringMaintenance.php(86): Illuminate\\Pipeline\\Pipeline->Illuminate\\Pipeline\\{closure}()
#42 /home/anna/Epitech/Free-ads-Anna-Paul-Cristian/Free-ads/vendor/laravel/framework/src/Illuminate/Pipeline/Pipeline.php(167): Illuminate\\Foundation\\Http\\Middleware\\PreventRequestsDuringMaintenance->handle()
#43 /home/anna/Epitech/Free-ads-Anna-Paul-Cristian/Free-ads/vendor/fruitcake/laravel-cors/src/HandleCors.php(38): Illuminate\\Pipeline\\Pipeline->Illuminate\\Pipeline\\{closure}()
#44 /home/anna/Epitech/Free-ads-Anna-Paul-Cristian/Free-ads/vendor/laravel/framework/src/Illuminate/Pipeline/Pipeline.php(167): Fruitcake\\Cors\\HandleCors->handle()
#45 /home/anna/Epitech/Free-ads-Anna-Paul-Cristian/Free-ads/vendor/laravel/framework/src/Illuminate/Http/Middleware/TrustProxies.php(39): Illuminate\\Pipeline\\Pipeline->Illuminate\\Pipeline\\{closure}()
#46 /home/anna/Epitech/Free-ads-Anna-Paul-Cristian/Free-ads/vendor/laravel/framework/src/Illuminate/Pipeline/Pipeline.php(167): Illuminate\\Http\\Middleware\\TrustProxies->handle()
#47 /home/anna/Epitech/Free-ads-Anna-Paul-Cristian/Free-ads/vendor/laravel/framework/src/Illuminate/Pipeline/Pipeline.php(103): Illuminate\\Pipeline\\Pipeline->Illuminate\\Pipeline\\{closure}()
#48 /home/anna/Epitech/Free-ads-Anna-Paul-Cristian/Free-ads/vendor/laravel/framework/src/Illuminate/Foundation/Http/Kernel.php(142): Illuminate\\Pipeline\\Pipeline->then()
#49 /home/anna/Epitech/Free-ads-Anna-Paul-Cristian/Free-ads/vendor/laravel/framework/src/Illuminate/Foundation/Http/Kernel.php(111): Illuminate\\Foundation\\Http\\Kernel->sendRequestThroughRouter()
#50 /home/anna/Epitech/Free-ads-Anna-Paul-Cristian/Free-ads/public/index.php(52): Illuminate\\Foundation\\Http\\Kernel->handle()
#51 /home/anna/Epitech/Free-ads-Anna-Paul-Cristian/Free-ads/server.php(21): require_once('/home/anna/Epit...')
#52 {main}

[previous exception] [object] (ParseError(code: 0): syntax error, unexpected ';', expecting ')' at /home/anna/Epitech/Free-ads-Anna-Paul-Cristian/Free-ads/storage/framework/views/bc61ca232a157e2371791ec86c9f6408072a687b.php:21)
[stacktrace]
#0 /home/anna/Epitech/Free-ads-Anna-Paul-Cristian/Free-ads/vendor/laravel/framework/src/Illuminate/Filesystem/Filesystem.php(108): Illuminate\\Filesystem\\Filesystem::Illuminate\\Filesystem\\{closure}()
#1 /home/anna/Epitech/Free-ads-Anna-Paul-Cristian/Free-ads/vendor/laravel/framework/src/Illuminate/View/Engines/PhpEngine.php(58): Illuminate\\Filesystem\\Filesystem->getRequire()
#2 /home/anna/Epitech/Free-ads-Anna-Paul-Cristian/Free-ads/vendor/laravel/framework/src/Illuminate/View/Engines/CompilerEngine.php(61): Illuminate\\View\\Engines\\PhpEngine->evaluatePath()
#3 /home/anna/Epitech/Free-ads-Anna-Paul-Cristian/Free-ads/vendor/facade/ignition/src/Views/Engines/CompilerEngine.php(37): Illuminate\\View\\Engines\\CompilerEngine->get()
#4 /home/anna/Epitech/Free-ads-Anna-Paul-Cristian/Free-ads/vendor/laravel/framework/src/Illuminate/View/View.php(139): Facade\\Ignition\\Views\\Engines\\CompilerEngine->get()
#5 /home/anna/Epitech/Free-ads-Anna-Paul-Cristian/Free-ads/vendor/laravel/framework/src/Illuminate/View/View.php(122): Illuminate\\View\\View->getContents()
#6 /home/anna/Epitech/Free-ads-Anna-Paul-Cristian/Free-ads/vendor/laravel/framework/src/Illuminate/View/View.php(91): Illuminate\\View\\View->renderContents()
#7 /home/anna/Epitech/Free-ads-Anna-Paul-Cristian/Free-ads/vendor/laravel/framework/src/Illuminate/Http/Response.php(69): Illuminate\\View\\View->render()
#8 /home/anna/Epitech/Free-ads-Anna-Paul-Cristian/Free-ads/vendor/laravel/framework/src/Illuminate/Http/Response.php(35): Illuminate\\Http\\Response->setContent()
#9 /home/anna/Epitech/Free-ads-Anna-Paul-Cristian/Free-ads/vendor/laravel/framework/src/Illuminate/Routing/Router.php(794): Illuminate\\Http\\Response->__construct()
#10 /home/anna/Epitech/Free-ads-Anna-Paul-Cristian/Free-ads/vendor/laravel/framework/src/Illuminate/Routing/Router.php(763): Illuminate\\Routing\\Router::toResponse()
#11 /home/anna/Epitech/Free-ads-Anna-Paul-Cristian/Free-ads/vendor/laravel/framework/src/Illuminate/Routing/Router.php(695): Illuminate\\Routing\\Router->prepareResponse()
#12 /home/anna/Epitech/Free-ads-Anna-Paul-Cristian/Free-ads/vendor/laravel/framework/src/Illuminate/Pipeline/Pipeline.php(128): Illuminate\\Routing\\Router->Illuminate\\Routing\\{closure}()
#13 /home/anna/Epitech/Free-ads-Anna-Paul-Cristian/Free-ads/vendor/laravel/framework/src/Illuminate/Routing/Middleware/SubstituteBindings.php(50): Illuminate\\Pipeline\\Pipeline->Illuminate\\Pipeline\\{closure}()
#14 /home/anna/Epitech/Free-ads-Anna-Paul-Cristian/Free-ads/vendor/laravel/framework/src/Illuminate/Pipeline/Pipeline.php(167): Illuminate\\Routing\\Middleware\\SubstituteBindings->handle()
#15 /home/anna/Epitech/Free-ads-Anna-Paul-Cristian/Free-ads/vendor/laravel/framework/src/Illuminate/Foundation/Http/Middleware/VerifyCsrfToken.php(78): Illuminate\\Pipeline\\Pipeline->Illuminate\\Pipeline\\{closure}()
#16 /home/anna/Epitech/Free-ads-Anna-Paul-Cristian/Free-ads/vendor/laravel/framework/src/Illuminate/Pipeline/Pipeline.php(167): Illuminate\\Foundation\\Http\\Middleware\\VerifyCsrfToken->handle()
#17 /home/anna/Epitech/Free-ads-Anna-Paul-Cristian/Free-ads/vendor/laravel/framework/src/Illuminate/View/Middleware/ShareErrorsFromSession.php(49): Illuminate\\Pipeline\\Pipeline->Illuminate\\Pipeline\\{closure}()
#18 /home/anna/Epitech/Free-ads-Anna-Paul-Cristian/Free-ads/vendor/laravel/framework/src/Illuminate/Pipeline/Pipeline.php(167): Illuminate\\View\\Middleware\\ShareErrorsFromSession->handle()
#19 /home/anna/Epitech/Free-ads-Anna-Paul-Cristian/Free-ads/vendor/laravel/framework/src/Illuminate/Session/Middleware/StartSession.php(121): Illuminate\\Pipeline\\Pipeline->Illuminate\\Pipeline\\{closure}()
#20 /home/anna/Epitech/Free-ads-Anna-Paul-Cristian/Free-ads/vendor/laravel/framework/src/Illuminate/Session/Middleware/StartSession.php(64): Illuminate\\Session\\Middleware\\StartSession->handleStatefulRequest()
#21 /home/anna/Epitech/Free-ads-Anna-Paul-Cristian/Free-ads/vendor/laravel/framework/src/Illuminate/Pipeline/Pipeline.php(167): Illuminate\\Session\\Middleware\\StartSession->handle()
#22 /home/anna/Epitech/Free-ads-Anna-Paul-Cristian/Free-ads/vendor/laravel/framework/src/Illuminate/Cookie/Middleware/AddQueuedCookiesToResponse.php(37): Illuminate\\Pipeline\\Pipeline->Illuminate\\Pipeline\\{closure}()
#23 /home/anna/Epitech/Free-ads-Anna-Paul-Cristian/Free-ads/vendor/laravel/framework/src/Illuminate/Pipeline/Pipeline.php(167): Illuminate\\Cookie\\Middleware\\AddQueuedCookiesToResponse->handle()
#24 /home/anna/Epitech/Free-ads-Anna-Paul-Cristian/Free-ads/vendor/laravel/framework/src/Illuminate/Cookie/Middleware/EncryptCookies.php(67): Illuminate\\Pipeline\\Pipeline->Illuminate\\Pipeline\\{closure}()
#25 /home/anna/Epitech/Free-ads-Anna-Paul-Cristian/Free-ads/vendor/laravel/framework/src/Illuminate/Pipeline/Pipeline.php(167): Illuminate\\Cookie\\Middleware\\EncryptCookies->handle()
#26 /home/anna/Epitech/Free-ads-Anna-Paul-Cristian/Free-ads/vendor/laravel/framework/src/Illuminate/Pipeline/Pipeline.php(103): Illuminate\\Pipeline\\Pipeline->Illuminate\\Pipeline\\{closure}()
#27 /home/anna/Epitech/Free-ads-Anna-Paul-Cristian/Free-ads/vendor/laravel/framework/src/Illuminate/Routing/Router.php(697): Illuminate\\Pipeline\\Pipeline->then()
#28 /home/anna/Epitech/Free-ads-Anna-Paul-Cristian/Free-ads/vendor/laravel/framework/src/Illuminate/Routing/Router.php(672): Illuminate\\Routing\\Router->runRouteWithinStack()
#29 /home/anna/Epitech/Free-ads-Anna-Paul-Cristian/Free-ads/vendor/laravel/framework/src/Illuminate/Routing/Router.php(636): Illuminate\\Routing\\Router->runRoute()
#30 /home/anna/Epitech/Free-ads-Anna-Paul-Cristian/Free-ads/vendor/laravel/framework/src/Illuminate/Routing/Router.php(625): Illuminate\\Routing\\Router->dispatchToRoute()
#31 /home/anna/Epitech/Free-ads-Anna-Paul-Cristian/Free-ads/vendor/laravel/framework/src/Illuminate/Foundation/Http/Kernel.php(167): Illuminate\\Routing\\Router->dispatch()
#32 /home/anna/Epitech/Free-ads-Anna-Paul-Cristian/Free-ads/vendor/laravel/framework/src/Illuminate/Pipeline/Pipeline.php(128): Illuminate\\Foundation\\Http\\Kernel->Illuminate\\Foundation\\Http\\{closure}()
#33 /home/anna/Epitech/Free-ads-Anna-Paul-Cristian/Free-ads/vendor/laravel/framework/src/Illuminate/Foundation/Http/Middleware/TransformsRequest.php(21): Illuminate\\Pipeline\\Pipeline->Illuminate\\Pipeline\\{closure}()
#34 /home/anna/Epitech/Free-ads-Anna-Paul-Cristian/Free-ads/vendor/laravel/framework/src/Illuminate/Foundation/Http/Middleware/ConvertEmptyStringsToNull.php(31): Illuminate\\Foundation\\Http\\Middleware\\TransformsRequest->handle()
#35 /home/anna/Epitech/Free-ads-Anna-Paul-Cristian/Free-ads/vendor/laravel/framework/src/Illuminate/Pipeline/Pipeline.php(167): Illuminate\\Foundation\\Http\\Middleware\\ConvertEmptyStringsToNull->handle()
#36 /home/anna/Epitech/Free-ads-Anna-Paul-Cristian/Free-ads/vendor/laravel/framework/src/Illuminate/Foundation/Http/Middleware/TransformsRequest.php(21): Illuminate\\Pipeline\\Pipeline->Illuminate\\Pipeline\\{closure}()
#37 /home/anna/Epitech/Free-ads-Anna-Paul-Cristian/Free-ads/vendor/laravel/framework/src/Illuminate/Foundation/Http/Middleware/TrimStrings.php(40): Illuminate\\Foundation\\Http\\Middleware\\TransformsRequest->handle()
#38 /home/anna/Epitech/Free-ads-Anna-Paul-Cristian/Free-ads/vendor/laravel/framework/src/Illuminate/Pipeline/Pipeline.php(167): Illuminate\\Foundation\\Http\\Middleware\\TrimStrings->handle()
#39 /home/anna/Epitech/Free-ads-Anna-Paul-Cristian/Free-ads/vendor/laravel/framework/src/Illuminate/Foundation/Http/Middleware/ValidatePostSize.php(27): Illuminate\\Pipeline\\Pipeline->Illuminate\\Pipeline\\{closure}()
#40 /home/anna/Epitech/Free-ads-Anna-Paul-Cristian/Free-ads/vendor/laravel/framework/src/Illuminate/Pipeline/Pipeline.php(167): Illuminate\\Foundation\\Http\\Middleware\\ValidatePostSize->handle()
#41 /home/anna/Epitech/Free-ads-Anna-Paul-Cristian/Free-ads/vendor/laravel/framework/src/Illuminate/Foundation/Http/Middleware/PreventRequestsDuringMaintenance.php(86): Illuminate\\Pipeline\\Pipeline->Illuminate\\Pipeline\\{closure}()
#42 /home/anna/Epitech/Free-ads-Anna-Paul-Cristian/Free-ads/vendor/laravel/framework/src/Illuminate/Pipeline/Pipeline.php(167): Illuminate\\Foundation\\Http\\Middleware\\PreventRequestsDuringMaintenance->handle()
#43 /home/anna/Epitech/Free-ads-Anna-Paul-Cristian/Free-ads/vendor/fruitcake/laravel-cors/src/HandleCors.php(38): Illuminate\\Pipeline\\Pipeline->Illuminate\\Pipeline\\{closure}()
#44 /home/anna/Epitech/Free-ads-Anna-Paul-Cristian/Free-ads/vendor/laravel/framework/src/Illuminate/Pipeline/Pipeline.php(167): Fruitcake\\Cors\\HandleCors->handle()
#45 /home/anna/Epitech/Free-ads-Anna-Paul-Cristian/Free-ads/vendor/laravel/framework/src/Illuminate/Http/Middleware/TrustProxies.php(39): Illuminate\\Pipeline\\Pipeline->Illuminate\\Pipeline\\{closure}()
#46 /home/anna/Epitech/Free-ads-Anna-Paul-Cristian/Free-ads/vendor/laravel/framework/src/Illuminate/Pipeline/Pipeline.php(167): Illuminate\\Http\\Middleware\\TrustProxies->handle()
#47 /home/anna/Epitech/Free-ads-Anna-Paul-Cristian/Free-ads/vendor/laravel/framework/src/Illuminate/Pipeline/Pipeline.php(103): Illuminate\\Pipeline\\Pipeline->Illuminate\\Pipeline\\{closure}()
#48 /home/anna/Epitech/Free-ads-Anna-Paul-Cristian/Free-ads/vendor/laravel/framework/src/Illuminate/Foundation/Http/Kernel.php(142): Illuminate\\Pipeline\\Pipeline->then()
#49 /home/anna/Epitech/Free-ads-Anna-Paul-Cristian/Free-ads/vendor/laravel/framework/src/Illuminate/Foundation/Http/Kernel.php(111): Illuminate\\Foundation\\Http\\Kernel->sendRequestThroughRouter()
#50 /home/anna/Epitech/Free-ads-Anna-Paul-Cristian/Free-ads/public/index.php(52): Illuminate\\Foundation\\Http\\Kernel->handle()
#51 /home/anna/Epitech/Free-ads-Anna-Paul-Cristian/Free-ads/server.php(21): require_once('/home/anna/Epit...')
#52 {main}
"} 
[2021-11-03 02:56:05] local.ERROR: SQLSTATE[42S22]: Column not found: 1054 Unknown column 'surname' in 'field list' (SQL: insert into `users` (`name`, `surname`, `email`, `password`, `updated_at`, `created_at`) values (anna, anna, anna@gmail.com, anna, 2021-11-03 02:56:05, 2021-11-03 02:56:05)) {"exception":"[object] (Illuminate\\Database\\QueryException(code: 42S22): SQLSTATE[42S22]: Column not found: 1054 Unknown column 'surname' in 'field list' (SQL: insert into `users` (`name`, `surname`, `email`, `password`, `updated_at`, `created_at`) values (anna, anna, anna@gmail.com, anna, 2021-11-03 02:56:05, 2021-11-03 02:56:05)) at /home/anna/Epitech/Free-ads-Anna-Paul-Cristian/Free-ads/vendor/laravel/framework/src/Illuminate/Database/Connection.php:703)
[stacktrace]
#0 /home/anna/Epitech/Free-ads-Anna-Paul-Cristian/Free-ads/vendor/laravel/framework/src/Illuminate/Database/Connection.php(663): Illuminate\\Database\\Connection->runQueryCallback()
#1 /home/anna/Epitech/Free-ads-Anna-Paul-Cristian/Free-ads/vendor/laravel/framework/src/Illuminate/Database/Connection.php(493): Illuminate\\Database\\Connection->run()
#2 /home/anna/Epitech/Free-ads-Anna-Paul-Cristian/Free-ads/vendor/laravel/framework/src/Illuminate/Database/Connection.php(445): Illuminate\\Database\\Connection->statement()
#3 /home/anna/Epitech/Free-ads-Anna-Paul-Cristian/Free-ads/vendor/laravel/framework/src/Illuminate/Database/Query/Processors/Processor.php(32): Illuminate\\Database\\Connection->insert()
#4 /home/anna/Epitech/Free-ads-Anna-Paul-Cristian/Free-ads/vendor/laravel/framework/src/Illuminate/Database/Query/Builder.php(2965): Illuminate\\Database\\Query\\Processors\\Processor->processInsertGetId()
#5 /home/anna/Epitech/Free-ads-Anna-Paul-Cristian/Free-ads/vendor/laravel/framework/src/Illuminate/Database/Eloquent/Builder.php(1641): Illuminate\\Database\\Query\\Builder->insertGetId()
#6 /home/anna/Epitech/Free-ads-Anna-Paul-Cristian/Free-ads/vendor/laravel/framework/src/Illuminate/Database/Eloquent/Model.php(1188): Illuminate\\Database\\Eloquent\\Builder->__call()
#7 /home/anna/Epitech/Free-ads-Anna-Paul-Cristian/Free-ads/vendor/laravel/framework/src/Illuminate/Database/Eloquent/Model.php(1153): Illuminate\\Database\\Eloquent\\Model->insertAndSetId()
#8 /home/anna/Epitech/Free-ads-Anna-Paul-Cristian/Free-ads/vendor/laravel/framework/src/Illuminate/Database/Eloquent/Model.php(994): Illuminate\\Database\\Eloquent\\Model->performInsert()
#9 /home/anna/Epitech/Free-ads-Anna-Paul-Cristian/Free-ads/app/Http/Controllers/CustomAuthController.php(32): Illuminate\\Database\\Eloquent\\Model->save()
#10 /home/anna/Epitech/Free-ads-Anna-Paul-Cristian/Free-ads/vendor/laravel/framework/src/Illuminate/Routing/Controller.php(54): App\\Http\\Controllers\\CustomAuthController->registerUsers()
#11 /home/anna/Epitech/Free-ads-Anna-Paul-Cristian/Free-ads/vendor/laravel/framework/src/Illuminate/Routing/ControllerDispatcher.php(45): Illuminate\\Routing\\Controller->callAction()
#12 /home/anna/Epitech/Free-ads-Anna-Paul-Cristian/Free-ads/vendor/laravel/framework/src/Illuminate/Routing/Route.php(262): Illuminate\\Routing\\ControllerDispatcher->dispatch()
#13 /home/anna/Epitech/Free-ads-Anna-Paul-Cristian/Free-ads/vendor/laravel/framework/src/Illuminate/Routing/Route.php(205): Illuminate\\Routing\\Route->runController()
#14 /home/anna/Epitech/Free-ads-Anna-Paul-Cristian/Free-ads/vendor/laravel/framework/src/Illuminate/Routing/Router.php(695): Illuminate\\Routing\\Route->run()
#15 /home/anna/Epitech/Free-ads-Anna-Paul-Cristian/Free-ads/vendor/laravel/framework/src/Illuminate/Pipeline/Pipeline.php(128): Illuminate\\Routing\\Router->Illuminate\\Routing\\{closure}()
#16 /home/anna/Epitech/Free-ads-Anna-Paul-Cristian/Free-ads/vendor/laravel/framework/src/Illuminate/Routing/Middleware/SubstituteBindings.php(50): Illuminate\\Pipeline\\Pipeline->Illuminate\\Pipeline\\{closure}()
#17 /home/anna/Epitech/Free-ads-Anna-Paul-Cristian/Free-ads/vendor/laravel/framework/src/Illuminate/Pipeline/Pipeline.php(167): Illuminate\\Routing\\Middleware\\SubstituteBindings->handle()
#18 /home/anna/Epitech/Free-ads-Anna-Paul-Cristian/Free-ads/vendor/laravel/framework/src/Illuminate/Foundation/Http/Middleware/VerifyCsrfToken.php(78): Illuminate\\Pipeline\\Pipeline->Illuminate\\Pipeline\\{closure}()
#19 /home/anna/Epitech/Free-ads-Anna-Paul-Cristian/Free-ads/vendor/laravel/framework/src/Illuminate/Pipeline/Pipeline.php(167): Illuminate\\Foundation\\Http\\Middleware\\VerifyCsrfToken->handle()
#20 /home/anna/Epitech/Free-ads-Anna-Paul-Cristian/Free-ads/vendor/laravel/framework/src/Illuminate/View/Middleware/ShareErrorsFromSession.php(49): Illuminate\\Pipeline\\Pipeline->Illuminate\\Pipeline\\{closure}()
#21 /home/anna/Epitech/Free-ads-Anna-Paul-Cristian/Free-ads/vendor/laravel/framework/src/Illuminate/Pipeline/Pipeline.php(167): Illuminate\\View\\Middleware\\ShareErrorsFromSession->handle()
#22 /home/anna/Epitech/Free-ads-Anna-Paul-Cristian/Free-ads/vendor/laravel/framework/src/Illuminate/Session/Middleware/StartSession.php(121): Illuminate\\Pipeline\\Pipeline->Illuminate\\Pipeline\\{closure}()
#23 /home/anna/Epitech/Free-ads-Anna-Paul-Cristian/Free-ads/vendor/laravel/framework/src/Illuminate/Session/Middleware/StartSession.php(64): Illuminate\\Session\\Middleware\\StartSession->handleStatefulRequest()
#24 /home/anna/Epitech/Free-ads-Anna-Paul-Cristian/Free-ads/vendor/laravel/framework/src/Illuminate/Pipeline/Pipeline.php(167): Illuminate\\Session\\Middleware\\StartSession->handle()
#25 /home/anna/Epitech/Free-ads-Anna-Paul-Cristian/Free-ads/vendor/laravel/framework/src/Illuminate/Cookie/Middleware/AddQueuedCookiesToResponse.php(37): Illuminate\\Pipeline\\Pipeline->Illuminate\\Pipeline\\{closure}()
#26 /home/anna/Epitech/Free-ads-Anna-Paul-Cristian/Free-ads/vendor/laravel/framework/src/Illuminate/Pipeline/Pipeline.php(167): Illuminate\\Cookie\\Middleware\\AddQueuedCookiesToResponse->handle()
#27 /home/anna/Epitech/Free-ads-Anna-Paul-Cristian/Free-ads/vendor/laravel/framework/src/Illuminate/Cookie/Middleware/EncryptCookies.php(67): Illuminate\\Pipeline\\Pipeline->Illuminate\\Pipeline\\{closure}()
#28 /home/anna/Epitech/Free-ads-Anna-Paul-Cristian/Free-ads/vendor/laravel/framework/src/Illuminate/Pipeline/Pipeline.php(167): Illuminate\\Cookie\\Middleware\\EncryptCookies->handle()
#29 /home/anna/Epitech/Free-ads-Anna-Paul-Cristian/Free-ads/vendor/laravel/framework/src/Illuminate/Pipeline/Pipeline.php(103): Illuminate\\Pipeline\\Pipeline->Illuminate\\Pipeline\\{closure}()
#30 /home/anna/Epitech/Free-ads-Anna-Paul-Cristian/Free-ads/vendor/laravel/framework/src/Illuminate/Routing/Router.php(697): Illuminate\\Pipeline\\Pipeline->then()
#31 /home/anna/Epitech/Free-ads-Anna-Paul-Cristian/Free-ads/vendor/laravel/framework/src/Illuminate/Routing/Router.php(672): Illuminate\\Routing\\Router->runRouteWithinStack()
#32 /home/anna/Epitech/Free-ads-Anna-Paul-Cristian/Free-ads/vendor/laravel/framework/src/Illuminate/Routing/Router.php(636): Illuminate\\Routing\\Router->runRoute()
#33 /home/anna/Epitech/Free-ads-Anna-Paul-Cristian/Free-ads/vendor/laravel/framework/src/Illuminate/Routing/Router.php(625): Illuminate\\Routing\\Router->dispatchToRoute()
#34 /home/anna/Epitech/Free-ads-Anna-Paul-Cristian/Free-ads/vendor/laravel/framework/src/Illuminate/Foundation/Http/Kernel.php(167): Illuminate\\Routing\\Router->dispatch()
#35 /home/anna/Epitech/Free-ads-Anna-Paul-Cristian/Free-ads/vendor/laravel/framework/src/Illuminate/Pipeline/Pipeline.php(128): Illuminate\\Foundation\\Http\\Kernel->Illuminate\\Foundation\\Http\\{closure}()
#36 /home/anna/Epitech/Free-ads-Anna-Paul-Cristian/Free-ads/vendor/laravel/framework/src/Illuminate/Foundation/Http/Middleware/TransformsRequest.php(21): Illuminate\\Pipeline\\Pipeline->Illuminate\\Pipeline\\{closure}()
#37 /home/anna/Epitech/Free-ads-Anna-Paul-Cristian/Free-ads/vendor/laravel/framework/src/Illuminate/Foundation/Http/Middleware/ConvertEmptyStringsToNull.php(31): Illuminate\\Foundation\\Http\\Middleware\\TransformsRequest->handle()
#38 /home/anna/Epitech/Free-ads-Anna-Paul-Cristian/Free-ads/vendor/laravel/framework/src/Illuminate/Pipeline/Pipeline.php(167): Illuminate\\Foundation\\Http\\Middleware\\ConvertEmptyStringsToNull->handle()
#39 /home/anna/Epitech/Free-ads-Anna-Paul-Cristian/Free-ads/vendor/laravel/framework/src/Illuminate/Foundation/Http/Middleware/TransformsRequest.php(21): Illuminate\\Pipeline\\Pipeline->Illuminate\\Pipeline\\{closure}()
#40 /home/anna/Epitech/Free-ads-Anna-Paul-Cristian/Free-ads/vendor/laravel/framework/src/Illuminate/Foundation/Http/Middleware/TrimStrings.php(40): Illuminate\\Foundation\\Http\\Middleware\\TransformsRequest->handle()
#41 /home/anna/Epitech/Free-ads-Anna-Paul-Cristian/Free-ads/vendor/laravel/framework/src/Illuminate/Pipeline/Pipeline.php(167): Illuminate\\Foundation\\Http\\Middleware\\TrimStrings->handle()
#42 /home/anna/Epitech/Free-ads-Anna-Paul-Cristian/Free-ads/vendor/laravel/framework/src/Illuminate/Foundation/Http/Middleware/ValidatePostSize.php(27): Illuminate\\Pipeline\\Pipeline->Illuminate\\Pipeline\\{closure}()
#43 /home/anna/Epitech/Free-ads-Anna-Paul-Cristian/Free-ads/vendor/laravel/framework/src/Illuminate/Pipeline/Pipeline.php(167): Illuminate\\Foundation\\Http\\Middleware\\ValidatePostSize->handle()
#44 /home/anna/Epitech/Free-ads-Anna-Paul-Cristian/Free-ads/vendor/laravel/framework/src/Illuminate/Foundation/Http/Middleware/PreventRequestsDuringMaintenance.php(86): Illuminate\\Pipeline\\Pipeline->Illuminate\\Pipeline\\{closure}()
#45 /home/anna/Epitech/Free-ads-Anna-Paul-Cristian/Free-ads/vendor/laravel/framework/src/Illuminate/Pipeline/Pipeline.php(167): Illuminate\\Foundation\\Http\\Middleware\\PreventRequestsDuringMaintenance->handle()
#46 /home/anna/Epitech/Free-ads-Anna-Paul-Cristian/Free-ads/vendor/fruitcake/laravel-cors/src/HandleCors.php(38): Illuminate\\Pipeline\\Pipeline->Illuminate\\Pipeline\\{closure}()
#47 /home/anna/Epitech/Free-ads-Anna-Paul-Cristian/Free-ads/vendor/laravel/framework/src/Illuminate/Pipeline/Pipeline.php(167): Fruitcake\\Cors\\HandleCors->handle()
#48 /home/anna/Epitech/Free-ads-Anna-Paul-Cristian/Free-ads/vendor/laravel/framework/src/Illuminate/Http/Middleware/TrustProxies.php(39): Illuminate\\Pipeline\\Pipeline->Illuminate\\Pipeline\\{closure}()
#49 /home/anna/Epitech/Free-ads-Anna-Paul-Cristian/Free-ads/vendor/laravel/framework/src/Illuminate/Pipeline/Pipeline.php(167): Illuminate\\Http\\Middleware\\TrustProxies->handle()
#50 /home/anna/Epitech/Free-ads-Anna-Paul-Cristian/Free-ads/vendor/laravel/framework/src/Illuminate/Pipeline/Pipeline.php(103): Illuminate\\Pipeline\\Pipeline->Illuminate\\Pipeline\\{closure}()
#51 /home/anna/Epitech/Free-ads-Anna-Paul-Cristian/Free-ads/vendor/laravel/framework/src/Illuminate/Foundation/Http/Kernel.php(142): Illuminate\\Pipeline\\Pipeline->then()
#52 /home/anna/Epitech/Free-ads-Anna-Paul-Cristian/Free-ads/vendor/laravel/framework/src/Illuminate/Foundation/Http/Kernel.php(111): Illuminate\\Foundation\\Http\\Kernel->sendRequestThroughRouter()
#53 /home/anna/Epitech/Free-ads-Anna-Paul-Cristian/Free-ads/public/index.php(52): Illuminate\\Foundation\\Http\\Kernel->handle()
#54 /home/anna/Epitech/Free-ads-Anna-Paul-Cristian/Free-ads/server.php(21): require_once('/home/anna/Epit...')
#55 {main}

[previous exception] [object] (PDOException(code: 42S22): SQLSTATE[42S22]: Column not found: 1054 Unknown column 'surname' in 'field list' at /home/anna/Epitech/Free-ads-Anna-Paul-Cristian/Free-ads/vendor/laravel/framework/src/Illuminate/Database/Connection.php:486)
[stacktrace]
#0 /home/anna/Epitech/Free-ads-Anna-Paul-Cristian/Free-ads/vendor/laravel/framework/src/Illuminate/Database/Connection.php(486): PDO->prepare()
#1 /home/anna/Epitech/Free-ads-Anna-Paul-Cristian/Free-ads/vendor/laravel/framework/src/Illuminate/Database/Connection.php(696): Illuminate\\Database\\Connection->Illuminate\\Database\\{closure}()
#2 /home/anna/Epitech/Free-ads-Anna-Paul-Cristian/Free-ads/vendor/laravel/framework/src/Illuminate/Database/Connection.php(663): Illuminate\\Database\\Connection->runQueryCallback()
#3 /home/anna/Epitech/Free-ads-Anna-Paul-Cristian/Free-ads/vendor/laravel/framework/src/Illuminate/Database/Connection.php(493): Illuminate\\Database\\Connection->run()
#4 /home/anna/Epitech/Free-ads-Anna-Paul-Cristian/Free-ads/vendor/laravel/framework/src/Illuminate/Database/Connection.php(445): Illuminate\\Database\\Connection->statement()
#5 /home/anna/Epitech/Free-ads-Anna-Paul-Cristian/Free-ads/vendor/laravel/framework/src/Illuminate/Database/Query/Processors/Processor.php(32): Illuminate\\Database\\Connection->insert()
#6 /home/anna/Epitech/Free-ads-Anna-Paul-Cristian/Free-ads/vendor/laravel/framework/src/Illuminate/Database/Query/Builder.php(2965): Illuminate\\Database\\Query\\Processors\\Processor->processInsertGetId()
#7 /home/anna/Epitech/Free-ads-Anna-Paul-Cristian/Free-ads/vendor/laravel/framework/src/Illuminate/Database/Eloquent/Builder.php(1641): Illuminate\\Database\\Query\\Builder->insertGetId()
#8 /home/anna/Epitech/Free-ads-Anna-Paul-Cristian/Free-ads/vendor/laravel/framework/src/Illuminate/Database/Eloquent/Model.php(1188): Illuminate\\Database\\Eloquent\\Builder->__call()
#9 /home/anna/Epitech/Free-ads-Anna-Paul-Cristian/Free-ads/vendor/laravel/framework/src/Illuminate/Database/Eloquent/Model.php(1153): Illuminate\\Database\\Eloquent\\Model->insertAndSetId()
#10 /home/anna/Epitech/Free-ads-Anna-Paul-Cristian/Free-ads/vendor/laravel/framework/src/Illuminate/Database/Eloquent/Model.php(994): Illuminate\\Database\\Eloquent\\Model->performInsert()
#11 /home/anna/Epitech/Free-ads-Anna-Paul-Cristian/Free-ads/app/Http/Controllers/CustomAuthController.php(32): Illuminate\\Database\\Eloquent\\Model->save()
#12 /home/anna/Epitech/Free-ads-Anna-Paul-Cristian/Free-ads/vendor/laravel/framework/src/Illuminate/Routing/Controller.php(54): App\\Http\\Controllers\\CustomAuthController->registerUsers()
#13 /home/anna/Epitech/Free-ads-Anna-Paul-Cristian/Free-ads/vendor/laravel/framework/src/Illuminate/Routing/ControllerDispatcher.php(45): Illuminate\\Routing\\Controller->callAction()
#14 /home/anna/Epitech/Free-ads-Anna-Paul-Cristian/Free-ads/vendor/laravel/framework/src/Illuminate/Routing/Route.php(262): Illuminate\\Routing\\ControllerDispatcher->dispatch()
#15 /home/anna/Epitech/Free-ads-Anna-Paul-Cristian/Free-ads/vendor/laravel/framework/src/Illuminate/Routing/Route.php(205): Illuminate\\Routing\\Route->runController()
#16 /home/anna/Epitech/Free-ads-Anna-Paul-Cristian/Free-ads/vendor/laravel/framework/src/Illuminate/Routing/Router.php(695): Illuminate\\Routing\\Route->run()
#17 /home/anna/Epitech/Free-ads-Anna-Paul-Cristian/Free-ads/vendor/laravel/framework/src/Illuminate/Pipeline/Pipeline.php(128): Illuminate\\Routing\\Router->Illuminate\\Routing\\{closure}()
#18 /home/anna/Epitech/Free-ads-Anna-Paul-Cristian/Free-ads/vendor/laravel/framework/src/Illuminate/Routing/Middleware/SubstituteBindings.php(50): Illuminate\\Pipeline\\Pipeline->Illuminate\\Pipeline\\{closure}()
#19 /home/anna/Epitech/Free-ads-Anna-Paul-Cristian/Free-ads/vendor/laravel/framework/src/Illuminate/Pipeline/Pipeline.php(167): Illuminate\\Routing\\Middleware\\SubstituteBindings->handle()
#20 /home/anna/Epitech/Free-ads-Anna-Paul-Cristian/Free-ads/vendor/laravel/framework/src/Illuminate/Foundation/Http/Middleware/VerifyCsrfToken.php(78): Illuminate\\Pipeline\\Pipeline->Illuminate\\Pipeline\\{closure}()
#21 /home/anna/Epitech/Free-ads-Anna-Paul-Cristian/Free-ads/vendor/laravel/framework/src/Illuminate/Pipeline/Pipeline.php(167): Illuminate\\Foundation\\Http\\Middleware\\VerifyCsrfToken->handle()
#22 /home/anna/Epitech/Free-ads-Anna-Paul-Cristian/Free-ads/vendor/laravel/framework/src/Illuminate/View/Middleware/ShareErrorsFromSession.php(49): Illuminate\\Pipeline\\Pipeline->Illuminate\\Pipeline\\{closure}()
#23 /home/anna/Epitech/Free-ads-Anna-Paul-Cristian/Free-ads/vendor/laravel/framework/src/Illuminate/Pipeline/Pipeline.php(167): Illuminate\\View\\Middleware\\ShareErrorsFromSession->handle()
#24 /home/anna/Epitech/Free-ads-Anna-Paul-Cristian/Free-ads/vendor/laravel/framework/src/Illuminate/Session/Middleware/StartSession.php(121): Illuminate\\Pipeline\\Pipeline->Illuminate\\Pipeline\\{closure}()
#25 /home/anna/Epitech/Free-ads-Anna-Paul-Cristian/Free-ads/vendor/laravel/framework/src/Illuminate/Session/Middleware/StartSession.php(64): Illuminate\\Session\\Middleware\\StartSession->handleStatefulRequest()
#26 /home/anna/Epitech/Free-ads-Anna-Paul-Cristian/Free-ads/vendor/laravel/framework/src/Illuminate/Pipeline/Pipeline.php(167): Illuminate\\Session\\Middleware\\StartSession->handle()
#27 /home/anna/Epitech/Free-ads-Anna-Paul-Cristian/Free-ads/vendor/laravel/framework/src/Illuminate/Cookie/Middleware/AddQueuedCookiesToResponse.php(37): Illuminate\\Pipeline\\Pipeline->Illuminate\\Pipeline\\{closure}()
#28 /home/anna/Epitech/Free-ads-Anna-Paul-Cristian/Free-ads/vendor/laravel/framework/src/Illuminate/Pipeline/Pipeline.php(167): Illuminate\\Cookie\\Middleware\\AddQueuedCookiesToResponse->handle()
#29 /home/anna/Epitech/Free-ads-Anna-Paul-Cristian/Free-ads/vendor/laravel/framework/src/Illuminate/Cookie/Middleware/EncryptCookies.php(67): Illuminate\\Pipeline\\Pipeline->Illuminate\\Pipeline\\{closure}()
#30 /home/anna/Epitech/Free-ads-Anna-Paul-Cristian/Free-ads/vendor/laravel/framework/src/Illuminate/Pipeline/Pipeline.php(167): Illuminate\\Cookie\\Middleware\\EncryptCookies->handle()
#31 /home/anna/Epitech/Free-ads-Anna-Paul-Cristian/Free-ads/vendor/laravel/framework/src/Illuminate/Pipeline/Pipeline.php(103): Illuminate\\Pipeline\\Pipeline->Illuminate\\Pipeline\\{closure}()
#32 /home/anna/Epitech/Free-ads-Anna-Paul-Cristian/Free-ads/vendor/laravel/framework/src/Illuminate/Routing/Router.php(697): Illuminate\\Pipeline\\Pipeline->then()
#33 /home/anna/Epitech/Free-ads-Anna-Paul-Cristian/Free-ads/vendor/laravel/framework/src/Illuminate/Routing/Router.php(672): Illuminate\\Routing\\Router->runRouteWithinStack()
#34 /home/anna/Epitech/Free-ads-Anna-Paul-Cristian/Free-ads/vendor/laravel/framework/src/Illuminate/Routing/Router.php(636): Illuminate\\Routing\\Router->runRoute()
#35 /home/anna/Epitech/Free-ads-Anna-Paul-Cristian/Free-ads/vendor/laravel/framework/src/Illuminate/Routing/Router.php(625): Illuminate\\Routing\\Router->dispatchToRoute()
#36 /home/anna/Epitech/Free-ads-Anna-Paul-Cristian/Free-ads/vendor/laravel/framework/src/Illuminate/Foundation/Http/Kernel.php(167): Illuminate\\Routing\\Router->dispatch()
#37 /home/anna/Epitech/Free-ads-Anna-Paul-Cristian/Free-ads/vendor/laravel/framework/src/Illuminate/Pipeline/Pipeline.php(128): Illuminate\\Foundation\\Http\\Kernel->Illuminate\\Foundation\\Http\\{closure}()
#38 /home/anna/Epitech/Free-ads-Anna-Paul-Cristian/Free-ads/vendor/laravel/framework/src/Illuminate/Foundation/Http/Middleware/TransformsRequest.php(21): Illuminate\\Pipeline\\Pipeline->Illuminate\\Pipeline\\{closure}()
#39 /home/anna/Epitech/Free-ads-Anna-Paul-Cristian/Free-ads/vendor/laravel/framework/src/Illuminate/Foundation/Http/Middleware/ConvertEmptyStringsToNull.php(31): Illuminate\\Foundation\\Http\\Middleware\\TransformsRequest->handle()
#40 /home/anna/Epitech/Free-ads-Anna-Paul-Cristian/Free-ads/vendor/laravel/framework/src/Illuminate/Pipeline/Pipeline.php(167): Illuminate\\Foundation\\Http\\Middleware\\ConvertEmptyStringsToNull->handle()
#41 /home/anna/Epitech/Free-ads-Anna-Paul-Cristian/Free-ads/vendor/laravel/framework/src/Illuminate/Foundation/Http/Middleware/TransformsRequest.php(21): Illuminate\\Pipeline\\Pipeline->Illuminate\\Pipeline\\{closure}()
#42 /home/anna/Epitech/Free-ads-Anna-Paul-Cristian/Free-ads/vendor/laravel/framework/src/Illuminate/Foundation/Http/Middleware/TrimStrings.php(40): Illuminate\\Foundation\\Http\\Middleware\\TransformsRequest->handle()
#43 /home/anna/Epitech/Free-ads-Anna-Paul-Cristian/Free-ads/vendor/laravel/framework/src/Illuminate/Pipeline/Pipeline.php(167): Illuminate\\Foundation\\Http\\Middleware\\TrimStrings->handle()
#44 /home/anna/Epitech/Free-ads-Anna-Paul-Cristian/Free-ads/vendor/laravel/framework/src/Illuminate/Foundation/Http/Middleware/ValidatePostSize.php(27): Illuminate\\Pipeline\\Pipeline->Illuminate\\Pipeline\\{closure}()
#45 /home/anna/Epitech/Free-ads-Anna-Paul-Cristian/Free-ads/vendor/laravel/framework/src/Illuminate/Pipeline/Pipeline.php(167): Illuminate\\Foundation\\Http\\Middleware\\ValidatePostSize->handle()
#46 /home/anna/Epitech/Free-ads-Anna-Paul-Cristian/Free-ads/vendor/laravel/framework/src/Illuminate/Foundation/Http/Middleware/PreventRequestsDuringMaintenance.php(86): Illuminate\\Pipeline\\Pipeline->Illuminate\\Pipeline\\{closure}()
#47 /home/anna/Epitech/Free-ads-Anna-Paul-Cristian/Free-ads/vendor/laravel/framework/src/Illuminate/Pipeline/Pipeline.php(167): Illuminate\\Foundation\\Http\\Middleware\\PreventRequestsDuringMaintenance->handle()
#48 /home/anna/Epitech/Free-ads-Anna-Paul-Cristian/Free-ads/vendor/fruitcake/laravel-cors/src/HandleCors.php(38): Illuminate\\Pipeline\\Pipeline->Illuminate\\Pipeline\\{closure}()
#49 /home/anna/Epitech/Free-ads-Anna-Paul-Cristian/Free-ads/vendor/laravel/framework/src/Illuminate/Pipeline/Pipeline.php(167): Fruitcake\\Cors\\HandleCors->handle()
#50 /home/anna/Epitech/Free-ads-Anna-Paul-Cristian/Free-ads/vendor/laravel/framework/src/Illuminate/Http/Middleware/TrustProxies.php(39): Illuminate\\Pipeline\\Pipeline->Illuminate\\Pipeline\\{closure}()
#51 /home/anna/Epitech/Free-ads-Anna-Paul-Cristian/Free-ads/vendor/laravel/framework/src/Illuminate/Pipeline/Pipeline.php(167): Illuminate\\Http\\Middleware\\TrustProxies->handle()
#52 /home/anna/Epitech/Free-ads-Anna-Paul-Cristian/Free-ads/vendor/laravel/framework/src/Illuminate/Pipeline/Pipeline.php(103): Illuminate\\Pipeline\\Pipeline->Illuminate\\Pipeline\\{closure}()
#53 /home/anna/Epitech/Free-ads-Anna-Paul-Cristian/Free-ads/vendor/laravel/framework/src/Illuminate/Foundation/Http/Kernel.php(142): Illuminate\\Pipeline\\Pipeline->then()
#54 /home/anna/Epitech/Free-ads-Anna-Paul-Cristian/Free-ads/vendor/laravel/framework/src/Illuminate/Foundation/Http/Kernel.php(111): Illuminate\\Foundation\\Http\\Kernel->sendRequestThroughRouter()
#55 /home/anna/Epitech/Free-ads-Anna-Paul-Cristian/Free-ads/public/index.php(52): Illuminate\\Foundation\\Http\\Kernel->handle()
#56 /home/anna/Epitech/Free-ads-Anna-Paul-Cristian/Free-ads/server.php(21): require_once('/home/anna/Epit...')
#57 {main}
"} 
[2021-11-03 02:56:52] local.ERROR: Command "migrate:" is ambiguous.
Did you mean one of these?
    migrate:fresh    Drop all tables and re-run all migrations
    migrate:install  Create the migration repository
    migrate:refresh  Reset and re-run all migrations
    migrate:reset    Rollback all database migrations
    migrate:rollback Rollback the last database migration
    migrate:status   Show the status of each migration. {"exception":"[object] (Symfony\\Component\\Console\\Exception\\CommandNotFoundException(code: 0): Command \"migrate:\" is ambiguous.
Did you mean one of these?
    migrate:fresh    Drop all tables and re-run all migrations
    migrate:install  Create the migration repository
    migrate:refresh  Reset and re-run all migrations
    migrate:reset    Rollback all database migrations
    migrate:rollback Rollback the last database migration
    migrate:status   Show the status of each migration. at /home/anna/Epitech/Free-ads-Anna-Paul-Cristian/Free-ads/vendor/symfony/console/Application.php:723)
[stacktrace]
#0 /home/anna/Epitech/Free-ads-Anna-Paul-Cristian/Free-ads/vendor/symfony/console/Application.php(255): Symfony\\Component\\Console\\Application->find()
#1 /home/anna/Epitech/Free-ads-Anna-Paul-Cristian/Free-ads/vendor/symfony/console/Application.php(167): Symfony\\Component\\Console\\Application->doRun()
#2 /home/anna/Epitech/Free-ads-Anna-Paul-Cristian/Free-ads/vendor/laravel/framework/src/Illuminate/Console/Application.php(94): Symfony\\Component\\Console\\Application->run()
#3 /home/anna/Epitech/Free-ads-Anna-Paul-Cristian/Free-ads/vendor/laravel/framework/src/Illuminate/Foundation/Console/Kernel.php(129): Illuminate\\Console\\Application->run()
#4 /home/anna/Epitech/Free-ads-Anna-Paul-Cristian/Free-ads/artisan(37): Illuminate\\Foundation\\Console\\Kernel->handle()
#5 {main}
"} 
[2021-11-03 03:30:05] local.ERROR: Call to undefined method Illuminate\Hashing\BcryptHasher::hech() {"exception":"[object] (Error(code: 0): Call to undefined method Illuminate\\Hashing\\BcryptHasher::hech() at /home/anna/Epitech/Free-ads-Anna-Paul-Cristian/Free-ads/vendor/laravel/framework/src/Illuminate/Support/Manager.php:191)
[stacktrace]
#0 /home/anna/Epitech/Free-ads-Anna-Paul-Cristian/Free-ads/vendor/laravel/framework/src/Illuminate/Support/Facades/Facade.php(261): Illuminate\\Support\\Manager->__call()
#1 /home/anna/Epitech/Free-ads-Anna-Paul-Cristian/Free-ads/app/Http/Controllers/CustomAuthController.php(51): Illuminate\\Support\\Facades\\Facade::__callStatic()
#2 /home/anna/Epitech/Free-ads-Anna-Paul-Cristian/Free-ads/vendor/laravel/framework/src/Illuminate/Routing/Controller.php(54): App\\Http\\Controllers\\CustomAuthController->loginUsers()
#3 /home/anna/Epitech/Free-ads-Anna-Paul-Cristian/Free-ads/vendor/laravel/framework/src/Illuminate/Routing/ControllerDispatcher.php(45): Illuminate\\Routing\\Controller->callAction()
#4 /home/anna/Epitech/Free-ads-Anna-Paul-Cristian/Free-ads/vendor/laravel/framework/src/Illuminate/Routing/Route.php(262): Illuminate\\Routing\\ControllerDispatcher->dispatch()
#5 /home/anna/Epitech/Free-ads-Anna-Paul-Cristian/Free-ads/vendor/laravel/framework/src/Illuminate/Routing/Route.php(205): Illuminate\\Routing\\Route->runController()
#6 /home/anna/Epitech/Free-ads-Anna-Paul-Cristian/Free-ads/vendor/laravel/framework/src/Illuminate/Routing/Router.php(695): Illuminate\\Routing\\Route->run()
#7 /home/anna/Epitech/Free-ads-Anna-Paul-Cristian/Free-ads/vendor/laravel/framework/src/Illuminate/Pipeline/Pipeline.php(128): Illuminate\\Routing\\Router->Illuminate\\Routing\\{closure}()
#8 /home/anna/Epitech/Free-ads-Anna-Paul-Cristian/Free-ads/vendor/laravel/framework/src/Illuminate/Routing/Middleware/SubstituteBindings.php(50): Illuminate\\Pipeline\\Pipeline->Illuminate\\Pipeline\\{closure}()
#9 /home/anna/Epitech/Free-ads-Anna-Paul-Cristian/Free-ads/vendor/laravel/framework/src/Illuminate/Pipeline/Pipeline.php(167): Illuminate\\Routing\\Middleware\\SubstituteBindings->handle()
#10 /home/anna/Epitech/Free-ads-Anna-Paul-Cristian/Free-ads/vendor/laravel/framework/src/Illuminate/Foundation/Http/Middleware/VerifyCsrfToken.php(78): Illuminate\\Pipeline\\Pipeline->Illuminate\\Pipeline\\{closure}()
#11 /home/anna/Epitech/Free-ads-Anna-Paul-Cristian/Free-ads/vendor/laravel/framework/src/Illuminate/Pipeline/Pipeline.php(167): Illuminate\\Foundation\\Http\\Middleware\\VerifyCsrfToken->handle()
#12 /home/anna/Epitech/Free-ads-Anna-Paul-Cristian/Free-ads/vendor/laravel/framework/src/Illuminate/View/Middleware/ShareErrorsFromSession.php(49): Illuminate\\Pipeline\\Pipeline->Illuminate\\Pipeline\\{closure}()
#13 /home/anna/Epitech/Free-ads-Anna-Paul-Cristian/Free-ads/vendor/laravel/framework/src/Illuminate/Pipeline/Pipeline.php(167): Illuminate\\View\\Middleware\\ShareErrorsFromSession->handle()
#14 /home/anna/Epitech/Free-ads-Anna-Paul-Cristian/Free-ads/vendor/laravel/framework/src/Illuminate/Session/Middleware/StartSession.php(121): Illuminate\\Pipeline\\Pipeline->Illuminate\\Pipeline\\{closure}()
#15 /home/anna/Epitech/Free-ads-Anna-Paul-Cristian/Free-ads/vendor/laravel/framework/src/Illuminate/Session/Middleware/StartSession.php(64): Illuminate\\Session\\Middleware\\StartSession->handleStatefulRequest()
#16 /home/anna/Epitech/Free-ads-Anna-Paul-Cristian/Free-ads/vendor/laravel/framework/src/Illuminate/Pipeline/Pipeline.php(167): Illuminate\\Session\\Middleware\\StartSession->handle()
#17 /home/anna/Epitech/Free-ads-Anna-Paul-Cristian/Free-ads/vendor/laravel/framework/src/Illuminate/Cookie/Middleware/AddQueuedCookiesToResponse.php(37): Illuminate\\Pipeline\\Pipeline->Illuminate\\Pipeline\\{closure}()
#18 /home/anna/Epitech/Free-ads-Anna-Paul-Cristian/Free-ads/vendor/laravel/framework/src/Illuminate/Pipeline/Pipeline.php(167): Illuminate\\Cookie\\Middleware\\AddQueuedCookiesToResponse->handle()
#19 /home/anna/Epitech/Free-ads-Anna-Paul-Cristian/Free-ads/vendor/laravel/framework/src/Illuminate/Cookie/Middleware/EncryptCookies.php(67): Illuminate\\Pipeline\\Pipeline->Illuminate\\Pipeline\\{closure}()
#20 /home/anna/Epitech/Free-ads-Anna-Paul-Cristian/Free-ads/vendor/laravel/framework/src/Illuminate/Pipeline/Pipeline.php(167): Illuminate\\Cookie\\Middleware\\EncryptCookies->handle()
#21 /home/anna/Epitech/Free-ads-Anna-Paul-Cristian/Free-ads/vendor/laravel/framework/src/Illuminate/Pipeline/Pipeline.php(103): Illuminate\\Pipeline\\Pipeline->Illuminate\\Pipeline\\{closure}()
#22 /home/anna/Epitech/Free-ads-Anna-Paul-Cristian/Free-ads/vendor/laravel/framework/src/Illuminate/Routing/Router.php(697): Illuminate\\Pipeline\\Pipeline->then()
#23 /home/anna/Epitech/Free-ads-Anna-Paul-Cristian/Free-ads/vendor/laravel/framework/src/Illuminate/Routing/Router.php(672): Illuminate\\Routing\\Router->runRouteWithinStack()
#24 /home/anna/Epitech/Free-ads-Anna-Paul-Cristian/Free-ads/vendor/laravel/framework/src/Illuminate/Routing/Router.php(636): Illuminate\\Routing\\Router->runRoute()
#25 /home/anna/Epitech/Free-ads-Anna-Paul-Cristian/Free-ads/vendor/laravel/framework/src/Illuminate/Routing/Router.php(625): Illuminate\\Routing\\Router->dispatchToRoute()
#26 /home/anna/Epitech/Free-ads-Anna-Paul-Cristian/Free-ads/vendor/laravel/framework/src/Illuminate/Foundation/Http/Kernel.php(167): Illuminate\\Routing\\Router->dispatch()
#27 /home/anna/Epitech/Free-ads-Anna-Paul-Cristian/Free-ads/vendor/laravel/framework/src/Illuminate/Pipeline/Pipeline.php(128): Illuminate\\Foundation\\Http\\Kernel->Illuminate\\Foundation\\Http\\{closure}()
#28 /home/anna/Epitech/Free-ads-Anna-Paul-Cristian/Free-ads/vendor/laravel/framework/src/Illuminate/Foundation/Http/Middleware/TransformsRequest.php(21): Illuminate\\Pipeline\\Pipeline->Illuminate\\Pipeline\\{closure}()
#29 /home/anna/Epitech/Free-ads-Anna-Paul-Cristian/Free-ads/vendor/laravel/framework/src/Illuminate/Foundation/Http/Middleware/ConvertEmptyStringsToNull.php(31): Illuminate\\Foundation\\Http\\Middleware\\TransformsRequest->handle()
#30 /home/anna/Epitech/Free-ads-Anna-Paul-Cristian/Free-ads/vendor/laravel/framework/src/Illuminate/Pipeline/Pipeline.php(167): Illuminate\\Foundation\\Http\\Middleware\\ConvertEmptyStringsToNull->handle()
#31 /home/anna/Epitech/Free-ads-Anna-Paul-Cristian/Free-ads/vendor/laravel/framework/src/Illuminate/Foundation/Http/Middleware/TransformsRequest.php(21): Illuminate\\Pipeline\\Pipeline->Illuminate\\Pipeline\\{closure}()
#32 /home/anna/Epitech/Free-ads-Anna-Paul-Cristian/Free-ads/vendor/laravel/framework/src/Illuminate/Foundation/Http/Middleware/TrimStrings.php(40): Illuminate\\Foundation\\Http\\Middleware\\TransformsRequest->handle()
#33 /home/anna/Epitech/Free-ads-Anna-Paul-Cristian/Free-ads/vendor/laravel/framework/src/Illuminate/Pipeline/Pipeline.php(167): Illuminate\\Foundation\\Http\\Middleware\\TrimStrings->handle()
#34 /home/anna/Epitech/Free-ads-Anna-Paul-Cristian/Free-ads/vendor/laravel/framework/src/Illuminate/Foundation/Http/Middleware/ValidatePostSize.php(27): Illuminate\\Pipeline\\Pipeline->Illuminate\\Pipeline\\{closure}()
#35 /home/anna/Epitech/Free-ads-Anna-Paul-Cristian/Free-ads/vendor/laravel/framework/src/Illuminate/Pipeline/Pipeline.php(167): Illuminate\\Foundation\\Http\\Middleware\\ValidatePostSize->handle()
#36 /home/anna/Epitech/Free-ads-Anna-Paul-Cristian/Free-ads/vendor/laravel/framework/src/Illuminate/Foundation/Http/Middleware/PreventRequestsDuringMaintenance.php(86): Illuminate\\Pipeline\\Pipeline->Illuminate\\Pipeline\\{closure}()
#37 /home/anna/Epitech/Free-ads-Anna-Paul-Cristian/Free-ads/vendor/laravel/framework/src/Illuminate/Pipeline/Pipeline.php(167): Illuminate\\Foundation\\Http\\Middleware\\PreventRequestsDuringMaintenance->handle()
#38 /home/anna/Epitech/Free-ads-Anna-Paul-Cristian/Free-ads/vendor/fruitcake/laravel-cors/src/HandleCors.php(38): Illuminate\\Pipeline\\Pipeline->Illuminate\\Pipeline\\{closure}()
#39 /home/anna/Epitech/Free-ads-Anna-Paul-Cristian/Free-ads/vendor/laravel/framework/src/Illuminate/Pipeline/Pipeline.php(167): Fruitcake\\Cors\\HandleCors->handle()
#40 /home/anna/Epitech/Free-ads-Anna-Paul-Cristian/Free-ads/vendor/laravel/framework/src/Illuminate/Http/Middleware/TrustProxies.php(39): Illuminate\\Pipeline\\Pipeline->Illuminate\\Pipeline\\{closure}()
#41 /home/anna/Epitech/Free-ads-Anna-Paul-Cristian/Free-ads/vendor/laravel/framework/src/Illuminate/Pipeline/Pipeline.php(167): Illuminate\\Http\\Middleware\\TrustProxies->handle()
#42 /home/anna/Epitech/Free-ads-Anna-Paul-Cristian/Free-ads/vendor/laravel/framework/src/Illuminate/Pipeline/Pipeline.php(103): Illuminate\\Pipeline\\Pipeline->Illuminate\\Pipeline\\{closure}()
#43 /home/anna/Epitech/Free-ads-Anna-Paul-Cristian/Free-ads/vendor/laravel/framework/src/Illuminate/Foundation/Http/Kernel.php(142): Illuminate\\Pipeline\\Pipeline->then()
#44 /home/anna/Epitech/Free-ads-Anna-Paul-Cristian/Free-ads/vendor/laravel/framework/src/Illuminate/Foundation/Http/Kernel.php(111): Illuminate\\Foundation\\Http\\Kernel->sendRequestThroughRouter()
#45 /home/anna/Epitech/Free-ads-Anna-Paul-Cristian/Free-ads/public/index.php(52): Illuminate\\Foundation\\Http\\Kernel->handle()
#46 /home/anna/Epitech/Free-ads-Anna-Paul-Cristian/Free-ads/server.php(21): require_once('/home/anna/Epit...')
#47 {main}
"} 
[2021-11-03 06:08:40] local.ERROR: Class 'App\Providers\User' not found {"exception":"[object] (Error(code: 0): Class 'App\\Providers\\User' not found at /home/anna/Epitech/Free-ads-Anna-Paul-Cristian/Free-ads/app/Providers/AppServiceProvider.php:26)
[stacktrace]
#0 /home/anna/Epitech/Free-ads-Anna-Paul-Cristian/Free-ads/vendor/laravel/framework/src/Illuminate/Container/BoundMethod.php(36): App\\Providers\\AppServiceProvider->boot()
#1 /home/anna/Epitech/Free-ads-Anna-Paul-Cristian/Free-ads/vendor/laravel/framework/src/Illuminate/Container/Util.php(40): Illuminate\\Container\\BoundMethod::Illuminate\\Container\\{closure}()
#2 /home/anna/Epitech/Free-ads-Anna-Paul-Cristian/Free-ads/vendor/laravel/framework/src/Illuminate/Container/BoundMethod.php(93): Illuminate\\Container\\Util::unwrapIfClosure()
#3 /home/anna/Epitech/Free-ads-Anna-Paul-Cristian/Free-ads/vendor/laravel/framework/src/Illuminate/Container/BoundMethod.php(37): Illuminate\\Container\\BoundMethod::callBoundMethod()
#4 /home/anna/Epitech/Free-ads-Anna-Paul-Cristian/Free-ads/vendor/laravel/framework/src/Illuminate/Container/Container.php(653): Illuminate\\Container\\BoundMethod::call()
#5 /home/anna/Epitech/Free-ads-Anna-Paul-Cristian/Free-ads/vendor/laravel/framework/src/Illuminate/Foundation/Application.php(914): Illuminate\\Container\\Container->call()
#6 /home/anna/Epitech/Free-ads-Anna-Paul-Cristian/Free-ads/vendor/laravel/framework/src/Illuminate/Foundation/Application.php(895): Illuminate\\Foundation\\Application->bootProvider()
#7 [internal function]: Illuminate\\Foundation\\Application->Illuminate\\Foundation\\{closure}()
#8 /home/anna/Epitech/Free-ads-Anna-Paul-Cristian/Free-ads/vendor/laravel/framework/src/Illuminate/Foundation/Application.php(896): array_walk()
#9 /home/anna/Epitech/Free-ads-Anna-Paul-Cristian/Free-ads/vendor/laravel/framework/src/Illuminate/Foundation/Bootstrap/BootProviders.php(17): Illuminate\\Foundation\\Application->boot()
#10 /home/anna/Epitech/Free-ads-Anna-Paul-Cristian/Free-ads/vendor/laravel/framework/src/Illuminate/Foundation/Application.php(237): Illuminate\\Foundation\\Bootstrap\\BootProviders->bootstrap()
#11 /home/anna/Epitech/Free-ads-Anna-Paul-Cristian/Free-ads/vendor/laravel/framework/src/Illuminate/Foundation/Console/Kernel.php(310): Illuminate\\Foundation\\Application->bootstrapWith()
#12 /home/anna/Epitech/Free-ads-Anna-Paul-Cristian/Free-ads/vendor/laravel/framework/src/Illuminate/Foundation/Console/Kernel.php(127): Illuminate\\Foundation\\Console\\Kernel->bootstrap()
#13 /home/anna/Epitech/Free-ads-Anna-Paul-Cristian/Free-ads/artisan(37): Illuminate\\Foundation\\Console\\Kernel->handle()
#14 {main}
"} 
[2021-11-03 06:10:57] local.ERROR: Unable to find observer: App\Providers\UserObserver {"exception":"[object] (InvalidArgumentException(code: 0): Unable to find observer: App\\Providers\\UserObserver at /home/anna/Epitech/Free-ads-Anna-Paul-Cristian/Free-ads/vendor/laravel/framework/src/Illuminate/Database/Eloquent/Concerns/HasEvents.php:87)
[stacktrace]
#0 /home/anna/Epitech/Free-ads-Anna-Paul-Cristian/Free-ads/vendor/laravel/framework/src/Illuminate/Database/Eloquent/Concerns/HasEvents.php(57): Illuminate\\Database\\Eloquent\\Model->resolveObserverClassName()
#1 /home/anna/Epitech/Free-ads-Anna-Paul-Cristian/Free-ads/vendor/laravel/framework/src/Illuminate/Database/Eloquent/Concerns/HasEvents.php(43): Illuminate\\Database\\Eloquent\\Model->registerObserver()
#2 /home/anna/Epitech/Free-ads-Anna-Paul-Cristian/Free-ads/app/Providers/AppServiceProvider.php(27): Illuminate\\Database\\Eloquent\\Model::observe()
#3 /home/anna/Epitech/Free-ads-Anna-Paul-Cristian/Free-ads/vendor/laravel/framework/src/Illuminate/Container/BoundMethod.php(36): App\\Providers\\AppServiceProvider->boot()
#4 /home/anna/Epitech/Free-ads-Anna-Paul-Cristian/Free-ads/vendor/laravel/framework/src/Illuminate/Container/Util.php(40): Illuminate\\Container\\BoundMethod::Illuminate\\Container\\{closure}()
#5 /home/anna/Epitech/Free-ads-Anna-Paul-Cristian/Free-ads/vendor/laravel/framework/src/Illuminate/Container/BoundMethod.php(93): Illuminate\\Container\\Util::unwrapIfClosure()
#6 /home/anna/Epitech/Free-ads-Anna-Paul-Cristian/Free-ads/vendor/laravel/framework/src/Illuminate/Container/BoundMethod.php(37): Illuminate\\Container\\BoundMethod::callBoundMethod()
#7 /home/anna/Epitech/Free-ads-Anna-Paul-Cristian/Free-ads/vendor/laravel/framework/src/Illuminate/Container/Container.php(653): Illuminate\\Container\\BoundMethod::call()
#8 /home/anna/Epitech/Free-ads-Anna-Paul-Cristian/Free-ads/vendor/laravel/framework/src/Illuminate/Foundation/Application.php(914): Illuminate\\Container\\Container->call()
#9 /home/anna/Epitech/Free-ads-Anna-Paul-Cristian/Free-ads/vendor/laravel/framework/src/Illuminate/Foundation/Application.php(895): Illuminate\\Foundation\\Application->bootProvider()
#10 [internal function]: Illuminate\\Foundation\\Application->Illuminate\\Foundation\\{closure}()
#11 /home/anna/Epitech/Free-ads-Anna-Paul-Cristian/Free-ads/vendor/laravel/framework/src/Illuminate/Foundation/Application.php(896): array_walk()
#12 /home/anna/Epitech/Free-ads-Anna-Paul-Cristian/Free-ads/vendor/laravel/framework/src/Illuminate/Foundation/Bootstrap/BootProviders.php(17): Illuminate\\Foundation\\Application->boot()
#13 /home/anna/Epitech/Free-ads-Anna-Paul-Cristian/Free-ads/vendor/laravel/framework/src/Illuminate/Foundation/Application.php(237): Illuminate\\Foundation\\Bootstrap\\BootProviders->bootstrap()
#14 /home/anna/Epitech/Free-ads-Anna-Paul-Cristian/Free-ads/vendor/laravel/framework/src/Illuminate/Foundation/Console/Kernel.php(310): Illuminate\\Foundation\\Application->bootstrapWith()
#15 /home/anna/Epitech/Free-ads-Anna-Paul-Cristian/Free-ads/vendor/laravel/framework/src/Illuminate/Foundation/Console/Kernel.php(127): Illuminate\\Foundation\\Console\\Kernel->bootstrap()
#16 /home/anna/Epitech/Free-ads-Anna-Paul-Cristian/Free-ads/artisan(37): Illuminate\\Foundation\\Console\\Kernel->handle()
#17 {main}
"} 
